#
# There is insufficient memory for the Java Runtime Environment to continue.
# Native memory allocation (mmap) failed to map 213909504 bytes for G1 virtual space
# Possible reasons:
#   The system is out of physical RAM or swap space
#   The process is running with CompressedOops enabled, and the Java Heap may be blocking the growth of the native heap
# Possible solutions:
#   Reduce memory load on the system
#   Increase physical memory or swap space
#   Check if swap backing store is full
#   Decrease Java heap size (-Xmx/-Xms)
#   Decrease number of Java threads
#   Decrease Java thread stack sizes (-Xss)
#   Set larger code cache with -XX:ReservedCodeCacheSize=
#   JVM is running with Zero Based Compressed Oops mode in which the Java heap is
#     placed in the first 32GB address space. The Java Heap base address is the
#     maximum limit for the native heap growth. Please use -XX:HeapBaseMinAddress
#     to set the Java Heap base and to place the Java Heap above 32GB virtual address.
# This output file may be truncated or incomplete.
#
#  Out of Memory Error (os_windows.cpp:3557), pid=40208, tid=6192
#
# JRE version: OpenJDK Runtime Environment Temurin-17.0.6+10 (17.0.6+10) (build 17.0.6+10)
# Java VM: OpenJDK 64-Bit Server VM Temurin-17.0.6+10 (17.0.6+10, mixed mode, tiered, compressed oops, compressed class ptrs, g1 gc, windows-amd64)
# No core dump will be written. Minidumps are not enabled by default on client versions of Windows
#

---------------  S U M M A R Y ------------

Command Line: -Djavax.net.ssl.trustStoreType=WINDOWS-ROOT com.st.microxplorer.maingui.STM32CubeMX S:\SYNC\_2HMNST\PJ\_39CatalyticCombustionGAS_Tool_30\SF\MCU\STM32\CCT30.ioc

Host: Intel(R) Core(TM) i5-9500 CPU @ 3.00GHz, 6 cores, 31G,  Windows 11 , 64 bit Build 22621 (10.0.22621.1635)
Time: Wed Nov  1 17:24:11 2023 China Standard Time elapsed time: 7.314144 seconds (0d 0h 0m 7s)

---------------  T H R E A D  ---------------

Current thread (0x000001837e6e4b30):  VMThread "VM Thread" [stack: 0x0000000a8ae00000,0x0000000a8af00000] [id=6192]

Stack: [0x0000000a8ae00000,0x0000000a8af00000]
Native frames: (J=compiled Java code, j=interpreted, Vv=VM code, C=native code)
V  [jvm.dll+0x67741a]
V  [jvm.dll+0x834434]
V  [jvm.dll+0x835bde]
V  [jvm.dll+0x836243]
V  [jvm.dll+0x2457b5]
V  [jvm.dll+0x674329]
V  [jvm.dll+0x6689da]
V  [jvm.dll+0x30489b]
V  [jvm.dll+0x30bd96]
V  [jvm.dll+0x35b57e]
V  [jvm.dll+0x35b7af]
V  [jvm.dll+0x2db778]
V  [jvm.dll+0x2d9a2c]
V  [jvm.dll+0x2d8ffc]
V  [jvm.dll+0x31cdcb]
V  [jvm.dll+0x83a6eb]
V  [jvm.dll+0x83b424]
V  [jvm.dll+0x83b93c]
V  [jvm.dll+0x83bd14]
V  [jvm.dll+0x83bde0]
V  [jvm.dll+0x7e483a]
V  [jvm.dll+0x6762c5]
C  [ucrtbase.dll+0x29363]
C  [KERNEL32.DLL+0x126ad]
C  [ntdll.dll+0x5a9f8]

VM_Operation (0x0000000a8c5fef10): G1CollectForAllocation, mode: safepoint, requested by thread 0x0000018301204470


---------------  P R O C E S S  ---------------

Threads class SMR info:
_java_thread_list=0x0000018306310cb0, length=23, elements={
0x000001837e6f7260, 0x000001837bfca120, 0x000001837e711b90, 0x000001837e712450,
0x000001837e712d10, 0x000001837e7135d0, 0x000001837e748fe0, 0x000001837e7498e0,
0x000001837e7330a0, 0x000001837e8afcd0, 0x000001837e8bc820, 0x000001837f84be30,
0x000001837fa403d0, 0x000001837fa408a0, 0x0000018300d6e4f0, 0x0000018300f00ad0,
0x0000018300eff790, 0x0000018300efe450, 0x0000018300eff2c0, 0x0000018301204e10,
0x0000018303d2adf0, 0x0000018301206150, 0x0000018301204470
}

Java Threads: ( => current thread )
  0x000001837e6f7260 JavaThread "Reference Handler" daemon [_thread_blocked, id=43836, stack(0x0000000a8af00000,0x0000000a8b000000)]
  0x000001837bfca120 JavaThread "Finalizer" daemon [_thread_blocked, id=22616, stack(0x0000000a8b000000,0x0000000a8b100000)]
  0x000001837e711b90 JavaThread "Signal Dispatcher" daemon [_thread_blocked, id=41832, stack(0x0000000a8b100000,0x0000000a8b200000)]
  0x000001837e712450 JavaThread "Attach Listener" daemon [_thread_blocked, id=12216, stack(0x0000000a8b200000,0x0000000a8b300000)]
  0x000001837e712d10 JavaThread "Service Thread" daemon [_thread_blocked, id=32792, stack(0x0000000a8b300000,0x0000000a8b400000)]
  0x000001837e7135d0 JavaThread "Monitor Deflation Thread" daemon [_thread_blocked, id=43224, stack(0x0000000a8b400000,0x0000000a8b500000)]
  0x000001837e748fe0 JavaThread "C2 CompilerThread0" daemon [_thread_blocked, id=40932, stack(0x0000000a8b500000,0x0000000a8b600000)]
  0x000001837e7498e0 JavaThread "C1 CompilerThread0" daemon [_thread_blocked, id=40160, stack(0x0000000a8b600000,0x0000000a8b700000)]
  0x000001837e7330a0 JavaThread "Sweeper thread" daemon [_thread_blocked, id=31288, stack(0x0000000a8b700000,0x0000000a8b800000)]
  0x000001837e8afcd0 JavaThread "Notification Thread" daemon [_thread_blocked, id=5428, stack(0x0000000a8b800000,0x0000000a8b900000)]
  0x000001837e8bc820 JavaThread "Common-Cleaner" daemon [_thread_blocked, id=40888, stack(0x0000000a8ba00000,0x0000000a8bb00000)]
  0x000001837f84be30 JavaThread "Java2D Disposer" daemon [_thread_blocked, id=30220, stack(0x0000000a8bb00000,0x0000000a8bc00000)]
  0x000001837fa403d0 JavaThread "AWT-Shutdown" [_thread_blocked, id=13604, stack(0x0000000a8c100000,0x0000000a8c200000)]
  0x000001837fa408a0 JavaThread "AWT-Windows" daemon [_thread_blocked, id=25424, stack(0x0000000a8c200000,0x0000000a8c300000)]
  0x0000018300d6e4f0 JavaThread "AWT-EventQueue-0" [_thread_blocked, id=7808, stack(0x0000000a8c400000,0x0000000a8c500000)]
  0x0000018300f00ad0 JavaThread "DestroyJavaVM" [_thread_blocked, id=24668, stack(0x0000000a8a800000,0x0000000a8a900000)]
  0x0000018300eff790 JavaThread "Image Fetcher 0" daemon [_thread_blocked, id=38752, stack(0x0000000a8c800000,0x0000000a8c900000)]
  0x0000018300efe450 JavaThread "Image Fetcher 1" daemon [_thread_blocked, id=39852, stack(0x0000000a8ca00000,0x0000000a8cb00000)]
  0x0000018300eff2c0 JavaThread "TimerQueue" daemon [_thread_blocked, id=14188, stack(0x0000000a8cb00000,0x0000000a8cc00000)]
  0x0000018301204e10 JavaThread "Keep-Alive-Timer" daemon [_thread_blocked, id=35916, stack(0x0000000a8cf00000,0x0000000a8d000000)]
  0x0000018303d2adf0 JavaThread "C2 CompilerThread1" daemon [_thread_in_native, id=10784, stack(0x0000000a8cd00000,0x0000000a8ce00000)]
  0x0000018301206150 JavaThread "SwingWorker-pool-2-thread-1" daemon [_thread_blocked, id=19204, stack(0x0000000a8c700000,0x0000000a8c800000)]
  0x0000018301204470 JavaThread "Thread-415" daemon [_thread_blocked, id=36332, stack(0x0000000a8c500000,0x0000000a8c600000)]

Other Threads:
=>0x000001837e6e4b30 VMThread "VM Thread" [stack: 0x0000000a8ae00000,0x0000000a8af00000] [id=6192]
  0x000001837bdea6a0 WatcherThread [stack: 0x0000000a8b900000,0x0000000a8ba00000] [id=21356]
  0x0000018351c7c260 GCTaskThread "GC Thread#0" [stack: 0x0000000a8a900000,0x0000000a8aa00000] [id=36580]
  0x000001837f7340d0 GCTaskThread "GC Thread#1" [stack: 0x0000000a8bc00000,0x0000000a8bd00000] [id=37600]
  0x0000018300a53600 GCTaskThread "GC Thread#2" [stack: 0x0000000a8bd00000,0x0000000a8be00000] [id=29388]
  0x0000018300988030 GCTaskThread "GC Thread#3" [stack: 0x0000000a8be00000,0x0000000a8bf00000] [id=43544]
  0x00000183009882e0 GCTaskThread "GC Thread#4" [stack: 0x0000000a8bf00000,0x0000000a8c000000] [id=12532]
  0x0000018300988590 GCTaskThread "GC Thread#5" [stack: 0x0000000a8c000000,0x0000000a8c100000] [id=10892]
  0x0000018351c8e8c0 ConcurrentGCThread "G1 Main Marker" [stack: 0x0000000a8aa00000,0x0000000a8ab00000] [id=30448]
  0x000001837bde02e0 ConcurrentGCThread "G1 Conc#0" [stack: 0x0000000a8ab00000,0x0000000a8ac00000] [id=13804]
  0x000001837fbc9500 ConcurrentGCThread "G1 Conc#1" [stack: 0x0000000a8c300000,0x0000000a8c400000] [id=20288]
  0x000001837beaec40 ConcurrentGCThread "G1 Refine#0" [stack: 0x0000000a8ac00000,0x0000000a8ad00000] [id=16472]
  0x000001837beb0420 ConcurrentGCThread "G1 Service" [stack: 0x0000000a8ad00000,0x0000000a8ae00000] [id=35668]

Threads with active compile tasks:
C2 CompilerThread0     7344 6908       4       java.util.HashMap::get (19 bytes)
C2 CompilerThread1     7344 6281       4       com.st.ipmodeconfigmanager.engine.ConditionMgr::computedDependency (163 bytes)

VM state: at safepoint (normal execution)

VM Mutex/Monitor currently owned by a thread:  ([mutex/lock_event])
[0x0000018351bcbb80] Threads_lock - owner thread: 0x000001837e6e4b30
[0x0000018351bcbca0] Heap_lock - owner thread: 0x0000018301204470

Heap address: 0x0000000602000000, size: 8160 MB, Compressed Oops mode: Zero based, Oop shift amount: 3

CDS archive(s) not mapped
Compressed class space mapped at: 0x0000000800000000-0x0000000840000000, reserved size: 1073741824
Narrow klass base: 0x0000000800000000, Narrow klass shift: 0, Narrow klass range: 0x40000000

GC Precious Log:
 CPUs: 6 total, 6 available
 Memory: 32636M
 Large Page Support: Disabled
 NUMA Support: Disabled
 Compressed Oops: Enabled (Zero based)
 Heap Region Size: 4M
 Heap Min Capacity: 8M
 Heap Initial Capacity: 512M
 Heap Max Capacity: 8160M
 Pre-touch: Disabled
 Parallel Workers: 6
 Concurrent Workers: 2
 Concurrent Refinement Workers: 6
 Periodic GC: Disabled

Heap:
 garbage-first heap   total 315392K, used 104569K [0x0000000602000000, 0x0000000800000000)
  region size 4096K, 2 young (8192K), 2 survivors (8192K)
 Metaspace       used 66593K, committed 67520K, reserved 1114112K
  class space    used 7567K, committed 8000K, reserved 1048576K

Heap Regions: E=young(eden), S=young(survivor), O=old, HS=humongous(starts), HC=humongous(continues), CS=collection set, F=free, OA=open archive, CA=closed archive, TAMS=top-at-mark-start (previous, next)
|   0|0x0000000602000000, 0x0000000602400000, 0x0000000602400000|100%|HS|  |TAMS 0x0000000602400000, 0x0000000602400000| Complete 
|   1|0x0000000602400000, 0x0000000602800000, 0x0000000602800000|100%|HC|  |TAMS 0x0000000602800000, 0x0000000602800000| Complete 
|   2|0x0000000602800000, 0x0000000602c00000, 0x0000000602c00000|100%| O|  |TAMS 0x0000000602c00000, 0x0000000602c00000| Untracked 
|   3|0x0000000602c00000, 0x0000000603000000, 0x0000000603000000|100%| O|  |TAMS 0x0000000603000000, 0x0000000603000000| Untracked 
|   4|0x0000000603000000, 0x0000000603400000, 0x0000000603400000|100%| O|  |TAMS 0x0000000603400000, 0x0000000603400000| Untracked 
|   5|0x0000000603400000, 0x0000000603800000, 0x0000000603800000|100%| O|  |TAMS 0x0000000603800000, 0x0000000603800000| Untracked 
|   6|0x0000000603800000, 0x0000000603c00000, 0x0000000603c00000|100%| O|  |TAMS 0x0000000603c00000, 0x0000000603c00000| Untracked 
|   7|0x0000000603c00000, 0x0000000604000000, 0x0000000604000000|100%| O|  |TAMS 0x0000000604000000, 0x0000000604000000| Untracked 
|   8|0x0000000604000000, 0x0000000604400000, 0x0000000604400000|100%|HS|  |TAMS 0x0000000604400000, 0x0000000604400000| Complete 
|   9|0x0000000604400000, 0x0000000604800000, 0x0000000604800000|100%|HS|  |TAMS 0x0000000604800000, 0x0000000604800000| Complete 
|  10|0x0000000604800000, 0x0000000604c00000, 0x0000000604c00000|100%| O|  |TAMS 0x0000000604aca600, 0x0000000604aca600| Untracked 
|  11|0x0000000604c00000, 0x0000000605000000, 0x0000000605000000|100%|HS|  |TAMS 0x0000000605000000, 0x0000000605000000| Complete 
|  12|0x0000000605000000, 0x0000000605400000, 0x0000000605400000|100%|HS|  |TAMS 0x0000000605000000, 0x0000000605400000| Complete 
|  13|0x0000000605400000, 0x0000000605800000, 0x0000000605800000|100%|HS|  |TAMS 0x0000000605400000, 0x0000000605400000| Complete 
|  14|0x0000000605800000, 0x0000000605c00000, 0x0000000605c00000|100%|HS|  |TAMS 0x0000000605800000, 0x0000000605800000| Complete 
|  15|0x0000000605c00000, 0x0000000606000000, 0x0000000606000000|100%|HS|  |TAMS 0x0000000605c00000, 0x0000000605c00000| Complete 
|  16|0x0000000606000000, 0x0000000606400000, 0x0000000606400000|100%|HS|  |TAMS 0x0000000606000000, 0x0000000606000000| Complete 
|  17|0x0000000606400000, 0x0000000606800000, 0x0000000606800000|100%|HS|  |TAMS 0x0000000606400000, 0x0000000606400000| Complete 
|  18|0x0000000606800000, 0x0000000606c00000, 0x0000000606c00000|100%|HS|  |TAMS 0x0000000606800000, 0x0000000606800000| Complete 
|  19|0x0000000606c00000, 0x0000000607000000, 0x0000000607000000|100%| O|  |TAMS 0x0000000606c00000, 0x0000000606c00000| Untracked 
|  20|0x0000000607000000, 0x0000000607400000, 0x0000000607400000|100%|HS|  |TAMS 0x0000000607000000, 0x0000000607000000| Complete 
|  21|0x0000000607400000, 0x0000000607800000, 0x0000000607800000|100%|HC|  |TAMS 0x0000000607400000, 0x0000000607400000| Complete 
|  22|0x0000000607800000, 0x0000000607c00000, 0x0000000607c00000|100%| O|  |TAMS 0x0000000607800000, 0x0000000607800000| Untracked 
|  23|0x0000000607c00000, 0x0000000607e1e400, 0x0000000608000000| 52%| O|  |TAMS 0x0000000607c00000, 0x0000000607c00000| Untracked 
|  24|0x0000000608000000, 0x0000000608000000, 0x0000000608400000|  0%| F|  |TAMS 0x0000000608000000, 0x0000000608000000| Untracked 
|  25|0x0000000608400000, 0x0000000608400000, 0x0000000608800000|  0%| F|  |TAMS 0x0000000608400000, 0x0000000608400000| Untracked 
|  26|0x0000000608800000, 0x0000000608800000, 0x0000000608c00000|  0%| F|  |TAMS 0x0000000608800000, 0x0000000608800000| Untracked 
|  27|0x0000000608c00000, 0x0000000608c00000, 0x0000000609000000|  0%| F|  |TAMS 0x0000000608c00000, 0x0000000608c00000| Untracked 
|  28|0x0000000609000000, 0x0000000609000000, 0x0000000609400000|  0%| F|  |TAMS 0x0000000609000000, 0x0000000609000000| Untracked 
|  29|0x0000000609400000, 0x0000000609400000, 0x0000000609800000|  0%| F|  |TAMS 0x0000000609400000, 0x0000000609400000| Untracked 
|  30|0x0000000609800000, 0x0000000609800000, 0x0000000609c00000|  0%| F|  |TAMS 0x0000000609800000, 0x0000000609800000| Untracked 
|  31|0x0000000609c00000, 0x0000000609c00000, 0x000000060a000000|  0%| F|  |TAMS 0x0000000609c00000, 0x0000000609c00000| Untracked 
|  32|0x000000060a000000, 0x000000060a000000, 0x000000060a400000|  0%| F|  |TAMS 0x000000060a000000, 0x000000060a000000| Untracked 
|  33|0x000000060a400000, 0x000000060a400000, 0x000000060a800000|  0%| F|  |TAMS 0x000000060a400000, 0x000000060a400000| Untracked 
|  34|0x000000060a800000, 0x000000060a800000, 0x000000060ac00000|  0%| F|  |TAMS 0x000000060a800000, 0x000000060a800000| Untracked 
|  35|0x000000060ac00000, 0x000000060ac00000, 0x000000060b000000|  0%| F|  |TAMS 0x000000060ac00000, 0x000000060ac00000| Untracked 
|  36|0x000000060b000000, 0x000000060b400000, 0x000000060b400000|100%| S|CS|TAMS 0x000000060b000000, 0x000000060b000000| Complete 
|  37|0x000000060b400000, 0x000000060b400000, 0x000000060b800000|  0%| F|  |TAMS 0x000000060b400000, 0x000000060b400000| Untracked 
|  38|0x000000060b800000, 0x000000060b800000, 0x000000060bc00000|  0%| F|  |TAMS 0x000000060b800000, 0x000000060b800000| Untracked 
|  39|0x000000060bc00000, 0x000000060c000000, 0x000000060c000000|100%| S|CS|TAMS 0x000000060bc00000, 0x000000060bc00000| Complete 
|  40|0x000000060c000000, 0x000000060c000000, 0x000000060c400000|  0%| F|  |TAMS 0x000000060c000000, 0x000000060c000000| Untracked 
|  41|0x000000060c400000, 0x000000060c400000, 0x000000060c800000|  0%| F|  |TAMS 0x000000060c400000, 0x000000060c400000| Untracked 
|  42|0x000000060c800000, 0x000000060c800000, 0x000000060cc00000|  0%| F|  |TAMS 0x000000060c800000, 0x000000060c800000| Untracked 
|  43|0x000000060cc00000, 0x000000060cc00000, 0x000000060d000000|  0%| F|  |TAMS 0x000000060cc00000, 0x000000060cc00000| Untracked 
|  44|0x000000060d000000, 0x000000060d000000, 0x000000060d400000|  0%| F|  |TAMS 0x000000060d000000, 0x000000060d000000| Untracked 
|  45|0x000000060d400000, 0x000000060d400000, 0x000000060d800000|  0%| F|  |TAMS 0x000000060d400000, 0x000000060d400000| Untracked 
|  46|0x000000060d800000, 0x000000060d800000, 0x000000060dc00000|  0%| F|  |TAMS 0x000000060d800000, 0x000000060d800000| Untracked 
|  47|0x000000060dc00000, 0x000000060dc00000, 0x000000060e000000|  0%| F|  |TAMS 0x000000060dc00000, 0x000000060dc00000| Untracked 
|  48|0x000000060e000000, 0x000000060e000000, 0x000000060e400000|  0%| F|  |TAMS 0x000000060e000000, 0x000000060e000000| Untracked 
|  49|0x000000060e400000, 0x000000060e400000, 0x000000060e800000|  0%| F|  |TAMS 0x000000060e400000, 0x000000060e400000| Untracked 
|  50|0x000000060e800000, 0x000000060e800000, 0x000000060ec00000|  0%| F|  |TAMS 0x000000060e800000, 0x000000060e800000| Untracked 
|  51|0x000000060ec00000, 0x000000060ec00000, 0x000000060f000000|  0%| F|  |TAMS 0x000000060ec00000, 0x000000060ec00000| Untracked 
|  52|0x000000060f000000, 0x000000060f000000, 0x000000060f400000|  0%| F|  |TAMS 0x000000060f000000, 0x000000060f000000| Untracked 
|  53|0x000000060f400000, 0x000000060f400000, 0x000000060f800000|  0%| F|  |TAMS 0x000000060f400000, 0x000000060f400000| Untracked 
|  54|0x000000060f800000, 0x000000060f800000, 0x000000060fc00000|  0%| F|  |TAMS 0x000000060f800000, 0x000000060f800000| Untracked 
|  55|0x000000060fc00000, 0x000000060fc00000, 0x0000000610000000|  0%| F|  |TAMS 0x000000060fc00000, 0x000000060fc00000| Untracked 
|  56|0x0000000610000000, 0x0000000610000000, 0x0000000610400000|  0%| F|  |TAMS 0x0000000610000000, 0x0000000610000000| Untracked 
|  57|0x0000000610400000, 0x0000000610400000, 0x0000000610800000|  0%| F|  |TAMS 0x0000000610400000, 0x0000000610400000| Untracked 
|  58|0x0000000610800000, 0x0000000610800000, 0x0000000610c00000|  0%| F|  |TAMS 0x0000000610800000, 0x0000000610800000| Untracked 
|  59|0x0000000610c00000, 0x0000000610c00000, 0x0000000611000000|  0%| F|  |TAMS 0x0000000610c00000, 0x0000000610c00000| Untracked 
|  60|0x0000000611000000, 0x0000000611000000, 0x0000000611400000|  0%| F|  |TAMS 0x0000000611000000, 0x0000000611000000| Untracked 
|  61|0x0000000611400000, 0x0000000611400000, 0x0000000611800000|  0%| F|  |TAMS 0x0000000611400000, 0x0000000611400000| Untracked 
|  62|0x0000000611800000, 0x0000000611800000, 0x0000000611c00000|  0%| F|  |TAMS 0x0000000611800000, 0x0000000611800000| Untracked 
|  63|0x0000000611c00000, 0x0000000611c00000, 0x0000000612000000|  0%| F|  |TAMS 0x0000000611c00000, 0x0000000611c00000| Untracked 
|  64|0x0000000612000000, 0x0000000612000000, 0x0000000612400000|  0%| F|  |TAMS 0x0000000612000000, 0x0000000612000000| Untracked 
|  65|0x0000000612400000, 0x0000000612400000, 0x0000000612800000|  0%| F|  |TAMS 0x0000000612400000, 0x0000000612400000| Untracked 
|  66|0x0000000612800000, 0x0000000612800000, 0x0000000612c00000|  0%| F|  |TAMS 0x0000000612800000, 0x0000000612800000| Untracked 
|  67|0x0000000612c00000, 0x0000000612c00000, 0x0000000613000000|  0%| F|  |TAMS 0x0000000612c00000, 0x0000000612c00000| Untracked 
|  68|0x0000000613000000, 0x0000000613000000, 0x0000000613400000|  0%| F|  |TAMS 0x0000000613000000, 0x0000000613000000| Untracked 
|  69|0x0000000613400000, 0x0000000613400000, 0x0000000613800000|  0%| F|  |TAMS 0x0000000613400000, 0x0000000613400000| Untracked 
|  70|0x0000000613800000, 0x0000000613800000, 0x0000000613c00000|  0%| F|  |TAMS 0x0000000613800000, 0x0000000613800000| Untracked 
|  71|0x0000000613c00000, 0x0000000613c00000, 0x0000000614000000|  0%| F|  |TAMS 0x0000000613c00000, 0x0000000613c00000| Untracked 
|  72|0x0000000614000000, 0x0000000614000000, 0x0000000614400000|  0%| F|  |TAMS 0x0000000614000000, 0x0000000614000000| Untracked 
|  73|0x0000000614400000, 0x0000000614400000, 0x0000000614800000|  0%| F|  |TAMS 0x0000000614400000, 0x0000000614400000| Untracked 
|  74|0x0000000614800000, 0x0000000614800000, 0x0000000614c00000|  0%| F|  |TAMS 0x0000000614800000, 0x0000000614800000| Untracked 
| 126|0x0000000621800000, 0x0000000621800000, 0x0000000621c00000|  0%| F|  |TAMS 0x0000000621800000, 0x0000000621800000| Untracked 
| 127|0x0000000621c00000, 0x0000000621c00000, 0x0000000622000000|  0%| F|  |TAMS 0x0000000621c00000, 0x0000000621c00000| Untracked 

Card table byte_map: [0x0000018369f00000,0x000001836aef0000] _byte_map_base: 0x0000018366ef0000

Marking Bits (Prev, Next): (CMBitMap*) 0x0000018351c7d7d0, (CMBitMap*) 0x0000018351c7d790
 Prev Bits: [0x0000018373e60000, 0x000001837bde0000)
 Next Bits: [0x000001836bee0000, 0x0000018373e60000)

Polling page: 0x000001834fb60000

Metaspace:

Usage:
  Non-class:     57.64 MB used.
      Class:      7.39 MB used.
       Both:     65.03 MB used.

Virtual space:
  Non-class space:       64.00 MB reserved,      58.12 MB ( 91%) committed,  8 nodes.
      Class space:        1.00 GB reserved,       7.81 MB ( <1%) committed,  1 nodes.
             Both:        1.06 GB reserved,      65.94 MB (  6%) committed. 

Chunk freelists:
   Non-Class:  1.11 MB
       Class:  0 bytes
        Both:  1.11 MB

MaxMetaspaceSize: unlimited
CompressedClassSpaceSize: 1.00 GB
Initial GC threshold: 21.00 MB
Current GC threshold: 101.50 MB
CDS: off
MetaspaceReclaimPolicy: balanced
 - commit_granule_bytes: 65536.
 - commit_granule_words: 8192.
 - virtual_space_node_default_size: 1048576.
 - enlarge_chunks_in_place: 1.
 - new_chunks_are_fully_committed: 0.
 - uncommit_free_chunks: 1.
 - use_allocation_guard: 0.
 - handle_deallocations: 1.


Internal statistics:

num_allocs_failed_limit: 11.
num_arena_births: 766.
num_arena_deaths: 0.
num_vsnodes_births: 9.
num_vsnodes_deaths: 0.
num_space_committed: 1055.
num_space_uncommitted: 0.
num_chunks_returned_to_freelist: 11.
num_chunks_taken_from_freelist: 2371.
num_chunk_merges: 8.
num_chunk_splits: 1584.
num_chunks_enlarged: 1044.
num_purges: 2.
num_inconsistent_stats: 0.

CodeHeap 'non-profiled nmethods': size=120000Kb used=3382Kb max_used=3382Kb free=116617Kb
 bounds [0x00000183618d0000, 0x0000018361c20000, 0x0000018368e00000]
CodeHeap 'profiled nmethods': size=120000Kb used=13019Kb max_used=13019Kb free=106980Kb
 bounds [0x0000018359e00000, 0x000001835aaf0000, 0x0000018361330000]
CodeHeap 'non-nmethods': size=5760Kb used=1488Kb max_used=1577Kb free=4271Kb
 bounds [0x0000018361330000, 0x00000183615a0000, 0x00000183618d0000]
 total_blobs=6936 nmethods=6070 adapters=778
 compilation: enabled
              stopped_count=0, restarted_count=0
 full_count=0

Compilation events (20 events):
Event: 7.255 Thread 0x000001837e748fe0 6867       4       java.util.HashMap::getNode (150 bytes)
Event: 7.255 Thread 0x000001837e7498e0 nmethod 7023 0x000001835a094090 code [0x000001835a0942a0, 0x000001835a094718]
Event: 7.255 Thread 0x000001837e7498e0 7024       2       jp.ac.kobe_u.cs.cream.DefaultSolver::solve (708 bytes)
Event: 7.257 Thread 0x000001837e7498e0 nmethod 7024 0x0000018359f05610 code [0x0000018359f05b20, 0x0000018359f07908]
Event: 7.257 Thread 0x000001837e7498e0 7026   !   3       jp.ac.kobe_u.cs.cream.IntDomain::remove (136 bytes)
Event: 7.257 Thread 0x000001837e7498e0 nmethod 7026 0x000001835a377210 code [0x000001835a377460, 0x000001835a377f68]
Event: 7.257 Thread 0x000001837e7498e0 7027       2       com.st.microxplorer.mcu.PinoutRecombination::checkCompound (136 bytes)
Event: 7.258 Thread 0x000001837e7498e0 nmethod 7027 0x000001835a376710 code [0x000001835a376960, 0x000001835a376e78]
Event: 7.258 Thread 0x000001837e7498e0 7030       2       jp.ac.kobe_u.cs.cream.Code::<init> (63 bytes)
Event: 7.258 Thread 0x000001837e7498e0 nmethod 7030 0x000001835a375f90 code [0x000001835a376160, 0x000001835a3764f8]
Event: 7.258 Thread 0x000001837e7498e0 7025       2       jp.ac.kobe_u.cs.cream.Trail::undo (50 bytes)
Event: 7.258 Thread 0x000001837e7498e0 nmethod 7025 0x000001835a375690 code [0x000001835a375860, 0x000001835a375cb8]
Event: 7.258 Thread 0x000001837e7498e0 7029       2       jp.ac.kobe_u.cs.cream.Solver::updateBest (66 bytes)
Event: 7.258 Thread 0x000001837e7498e0 nmethod 7029 0x000001835a374f10 code [0x000001835a3750e0, 0x000001835a3754e8]
Event: 7.258 Thread 0x000001837e7498e0 7031  s    2       jp.ac.kobe_u.cs.cream.Solver::fail (37 bytes)
Event: 7.258 Thread 0x000001837e7498e0 nmethod 7031 0x000001835a374990 code [0x000001835a374b60, 0x000001835a374e08]
Event: 7.261 Thread 0x000001837e748fe0 nmethod 6867 0x0000018361c1cf90 code [0x0000018361c1d140, 0x0000018361c1d788]
Event: 7.261 Thread 0x000001837e748fe0 6908       4       java.util.HashMap::get (19 bytes)
Event: 7.263 Thread 0x000001837e7498e0 7033       2       jp.ac.kobe_u.cs.cream.DefaultSolver::minimumSizeVariable (71 bytes)
Event: 7.263 Thread 0x000001837e7498e0 nmethod 7033 0x000001835a360e10 code [0x000001835a360fe0, 0x000001835a361288]

GC Heap History (20 events):
Event: 3.645 GC heap after
{Heap after GC invocations=11 (full 0):
 garbage-first heap   total 81920K, used 33830K [0x0000000602000000, 0x0000000800000000)
  region size 4096K, 1 young (4096K), 1 survivors (4096K)
 Metaspace       used 59974K, committed 60800K, reserved 1105920K
  class space    used 6924K, committed 7296K, reserved 1048576K
}
Event: 3.866 GC heap before
{Heap before GC invocations=12 (full 0):
 garbage-first heap   total 81920K, used 50214K [0x0000000602000000, 0x0000000800000000)
  region size 4096K, 5 young (20480K), 1 survivors (4096K)
 Metaspace       used 61522K, committed 62336K, reserved 1105920K
  class space    used 7104K, committed 7488K, reserved 1048576K
}
Event: 3.868 GC heap after
{Heap after GC invocations=13 (full 0):
 garbage-first heap   total 81920K, used 39864K [0x0000000602000000, 0x0000000800000000)
  region size 4096K, 1 young (4096K), 1 survivors (4096K)
 Metaspace       used 61522K, committed 62336K, reserved 1105920K
  class space    used 7104K, committed 7488K, reserved 1048576K
}
Event: 3.884 GC heap before
{Heap before GC invocations=13 (full 0):
 garbage-first heap   total 81920K, used 43960K [0x0000000602000000, 0x0000000800000000)
  region size 4096K, 2 young (8192K), 1 survivors (4096K)
 Metaspace       used 61522K, committed 62336K, reserved 1105920K
  class space    used 7104K, committed 7488K, reserved 1048576K
}
Event: 3.886 GC heap after
{Heap after GC invocations=14 (full 0):
 garbage-first heap   total 81920K, used 44132K [0x0000000602000000, 0x0000000800000000)
  region size 4096K, 1 young (4096K), 1 survivors (4096K)
 Metaspace       used 61522K, committed 62336K, reserved 1105920K
  class space    used 7104K, committed 7488K, reserved 1048576K
}
Event: 3.905 GC heap before
{Heap before GC invocations=15 (full 0):
 garbage-first heap   total 98304K, used 48228K [0x0000000602000000, 0x0000000800000000)
  region size 4096K, 2 young (8192K), 1 survivors (4096K)
 Metaspace       used 61523K, committed 62336K, reserved 1105920K
  class space    used 7104K, committed 7488K, reserved 1048576K
}
Event: 3.906 GC heap after
{Heap after GC invocations=16 (full 0):
 garbage-first heap   total 98304K, used 47996K [0x0000000602000000, 0x0000000800000000)
  region size 4096K, 1 young (4096K), 1 survivors (4096K)
 Metaspace       used 61523K, committed 62336K, reserved 1105920K
  class space    used 7104K, committed 7488K, reserved 1048576K
}
Event: 3.926 GC heap before
{Heap before GC invocations=17 (full 0):
 garbage-first heap   total 102400K, used 52092K [0x0000000602000000, 0x0000000800000000)
  region size 4096K, 2 young (8192K), 1 survivors (4096K)
 Metaspace       used 61523K, committed 62336K, reserved 1105920K
  class space    used 7104K, committed 7488K, reserved 1048576K
}
Event: 3.927 GC heap after
{Heap after GC invocations=18 (full 0):
 garbage-first heap   total 315392K, used 52081K [0x0000000602000000, 0x0000000800000000)
  region size 4096K, 1 young (4096K), 1 survivors (4096K)
 Metaspace       used 61523K, committed 62336K, reserved 1105920K
  class space    used 7104K, committed 7488K, reserved 1048576K
}
Event: 5.901 GC heap before
{Heap before GC invocations=18 (full 0):
 garbage-first heap   total 315392K, used 260977K [0x0000000602000000, 0x0000000800000000)
  region size 4096K, 46 young (188416K), 1 survivors (4096K)
 Metaspace       used 63342K, committed 64256K, reserved 1105920K
  class space    used 7251K, committed 7680K, reserved 1048576K
}
Event: 5.907 GC heap after
{Heap after GC invocations=19 (full 0):
 garbage-first heap   total 315392K, used 84503K [0x0000000602000000, 0x0000000800000000)
  region size 4096K, 2 young (8192K), 2 survivors (8192K)
 Metaspace       used 63342K, committed 64256K, reserved 1105920K
  class space    used 7251K, committed 7680K, reserved 1048576K
}
Event: 6.230 GC heap before
{Heap before GC invocations=19 (full 0):
 garbage-first heap   total 315392K, used 256535K [0x0000000602000000, 0x0000000800000000)
  region size 4096K, 44 young (180224K), 2 survivors (8192K)
 Metaspace       used 63444K, committed 64320K, reserved 1105920K
  class space    used 7254K, committed 7680K, reserved 1048576K
}
Event: 6.232 GC heap after
{Heap after GC invocations=20 (full 0):
 garbage-first heap   total 315392K, used 84161K [0x0000000602000000, 0x0000000800000000)
  region size 4096K, 2 young (8192K), 2 survivors (8192K)
 Metaspace       used 63444K, committed 64320K, reserved 1105920K
  class space    used 7254K, committed 7680K, reserved 1048576K
}
Event: 6.515 GC heap before
{Heap before GC invocations=20 (full 0):
 garbage-first heap   total 315392K, used 260289K [0x0000000602000000, 0x0000000800000000)
  region size 4096K, 45 young (184320K), 2 survivors (8192K)
 Metaspace       used 63469K, committed 64320K, reserved 1105920K
  class space    used 7255K, committed 7680K, reserved 1048576K
}
Event: 6.521 GC heap after
{Heap after GC invocations=21 (full 0):
 garbage-first heap   total 315392K, used 89971K [0x0000000602000000, 0x0000000800000000)
  region size 4096K, 4 young (16384K), 4 survivors (16384K)
 Metaspace       used 63469K, committed 64320K, reserved 1105920K
  class space    used 7255K, committed 7680K, reserved 1048576K
}
Event: 6.775 GC heap before
{Heap before GC invocations=21 (full 0):
 garbage-first heap   total 315392K, used 257907K [0x0000000602000000, 0x0000000800000000)
  region size 4096K, 45 young (184320K), 4 survivors (16384K)
 Metaspace       used 63562K, committed 64448K, reserved 1105920K
  class space    used 7265K, committed 7744K, reserved 1048576K
}
Event: 6.783 GC heap after
{Heap after GC invocations=22 (full 0):
 garbage-first heap   total 315392K, used 100507K [0x0000000602000000, 0x0000000800000000)
  region size 4096K, 5 young (20480K), 5 survivors (20480K)
 Metaspace       used 63562K, committed 64448K, reserved 1105920K
  class space    used 7265K, committed 7744K, reserved 1048576K
}
Event: 7.145 GC heap before
{Heap before GC invocations=22 (full 0):
 garbage-first heap   total 315392K, used 264347K [0x0000000602000000, 0x0000000800000000)
  region size 4096K, 43 young (176128K), 5 survivors (20480K)
 Metaspace       used 66420K, committed 67328K, reserved 1114112K
  class space    used 7567K, committed 8000K, reserved 1048576K
}
Event: 7.150 GC heap after
{Heap after GC invocations=23 (full 0):
 garbage-first heap   total 315392K, used 103912K [0x0000000602000000, 0x0000000800000000)
  region size 4096K, 2 young (8192K), 2 survivors (8192K)
 Metaspace       used 66420K, committed 67328K, reserved 1114112K
  class space    used 7567K, committed 8000K, reserved 1048576K
}
Event: 7.264 GC heap before
{Heap before GC invocations=23 (full 0):
 garbage-first heap   total 315392K, used 255464K [0x0000000602000000, 0x0000000800000000)
  region size 4096K, 39 young (159744K), 2 survivors (8192K)
 Metaspace       used 66593K, committed 67520K, reserved 1114112K
  class space    used 7567K, committed 8000K, reserved 1048576K
}

Dll operation events (15 events):
Event: 0.013 Loaded shared library C:\Program Files (x86)\STMicroelectronics\STM32Cube\STM32CubeMX\jre\bin\java.dll
Event: 0.030 Loaded shared library C:\Program Files (x86)\STMicroelectronics\STM32Cube\STM32CubeMX\jre\bin\jsvml.dll
Event: 0.084 Loaded shared library C:\Program Files (x86)\STMicroelectronics\STM32Cube\STM32CubeMX\jre\bin\net.dll
Event: 0.086 Loaded shared library C:\Program Files (x86)\STMicroelectronics\STM32Cube\STM32CubeMX\jre\bin\nio.dll
Event: 0.108 Loaded shared library C:\Program Files (x86)\STMicroelectronics\STM32Cube\STM32CubeMX\jre\bin\zip.dll
Event: 0.141 Loaded shared library C:\Program Files (x86)\STMicroelectronics\STM32Cube\STM32CubeMX\jre\bin\jimage.dll
Event: 0.313 Loaded shared library C:\Program Files (x86)\STMicroelectronics\STM32Cube\STM32CubeMX\jre\bin\management.dll
Event: 0.317 Loaded shared library C:\Program Files (x86)\STMicroelectronics\STM32Cube\STM32CubeMX\jre\bin\management_ext.dll
Event: 0.688 Loaded shared library C:\Program Files (x86)\STMicroelectronics\STM32Cube\STM32CubeMX\jre\bin\awt.dll
Event: 1.001 Loaded shared library C:\Program Files (x86)\STMicroelectronics\STM32Cube\STM32CubeMX\jre\bin\freetype.dll
Event: 1.002 Loaded shared library C:\Program Files (x86)\STMicroelectronics\STM32Cube\STM32CubeMX\jre\bin\fontmanager.dll
Event: 1.198 Loaded shared library C:\Program Files (x86)\STMicroelectronics\STM32Cube\STM32CubeMX\jre\bin\verify.dll
Event: 1.283 Loaded shared library C:\Program Files (x86)\STMicroelectronics\STM32Cube\STM32CubeMX\jre\bin\prefs.dll
Event: 3.368 Loaded shared library C:\Program Files (x86)\STMicroelectronics\STM32Cube\STM32CubeMX\jre\bin\sunmscapi.dll
Event: 3.838 Loaded shared library C:\Program Files (x86)\STMicroelectronics\STM32Cube\STM32CubeMX\jre\bin\javajpeg.dll

Deoptimization events (20 events):
Event: 6.928 Thread 0x0000018301206150 DEOPT PACKING pc=0x0000018361b9912c sp=0x0000000a8c7fe210
Event: 6.928 Thread 0x0000018301206150 DEOPT UNPACKING pc=0x00000183613869a3 sp=0x0000000a8c7fe1e0 mode 2
Event: 7.115 Thread 0x0000018301206150 DEOPT PACKING pc=0x0000018359f5ea44 sp=0x0000000a8c7fe340
Event: 7.115 Thread 0x0000018301206150 DEOPT UNPACKING pc=0x0000018361387143 sp=0x0000000a8c7fd950 mode 0
Event: 7.163 Thread 0x0000018301206150 Uncommon trap: trap_request=0xffffff45 fr.pc=0x0000018361a8d684 relative=0x00000000000003a4
Event: 7.163 Thread 0x0000018301206150 Uncommon trap: reason=unstable_if action=reinterpret pc=0x0000018361a8d684 method=org.apache.xerces.impl.XMLEntityScanner.scanLiteral(ILorg/apache/xerces/xni/XMLString;)I @ 630 c2
Event: 7.163 Thread 0x0000018301206150 DEOPT PACKING pc=0x0000018361a8d684 sp=0x0000000a8c7fdf70
Event: 7.163 Thread 0x0000018301206150 DEOPT UNPACKING pc=0x00000183613869a3 sp=0x0000000a8c7fdef8 mode 2
Event: 7.163 Thread 0x0000018301206150 Uncommon trap: trap_request=0xffffff45 fr.pc=0x0000018361a8e8fc relative=0x00000000000001bc
Event: 7.163 Thread 0x0000018301206150 Uncommon trap: reason=unstable_if action=reinterpret pc=0x0000018361a8e8fc method=org.apache.xerces.impl.XMLEntityScanner.scanChar()I @ 58 c2
Event: 7.163 Thread 0x0000018301206150 DEOPT PACKING pc=0x0000018361a8e8fc sp=0x0000000a8c7fdfa0
Event: 7.163 Thread 0x0000018301206150 DEOPT UNPACKING pc=0x00000183613869a3 sp=0x0000000a8c7fdf20 mode 2
Event: 7.213 Thread 0x0000018301206150 DEOPT PACKING pc=0x0000018359e50327 sp=0x0000000a8c7fe380
Event: 7.213 Thread 0x0000018301206150 DEOPT UNPACKING pc=0x0000018361387143 sp=0x0000000a8c7fd830 mode 0
Event: 7.237 Thread 0x0000018301206150 DEOPT PACKING pc=0x000001835a61d973 sp=0x0000000a8c7fdf90
Event: 7.237 Thread 0x0000018301206150 DEOPT UNPACKING pc=0x0000018361387143 sp=0x0000000a8c7fd410 mode 0
Event: 7.237 Thread 0x0000018301206150 DEOPT PACKING pc=0x000001835a61d3e5 sp=0x0000000a8c7fdf90
Event: 7.237 Thread 0x0000018301206150 DEOPT UNPACKING pc=0x0000018361387143 sp=0x0000000a8c7fd408 mode 0
Event: 7.240 Thread 0x0000018301206150 DEOPT PACKING pc=0x0000018359e19aa2 sp=0x0000000a8c7fe640
Event: 7.240 Thread 0x0000018301206150 DEOPT UNPACKING pc=0x0000018361387143 sp=0x0000000a8c7fdae8 mode 0

Classes unloaded (0 events):
No events

Classes redefined (0 events):
No events

Internal exceptions (20 events):
Event: 7.174 Thread 0x0000018301206150 Implicit null exception at 0x000001835a0e52c6 to 0x000001835a0e55ef
Event: 7.174 Thread 0x0000018301206150 Exception <a 'java/lang/NullPointerException'{0x00000006140537b8}> (0x00000006140537b8) 
thrown [s\src\hotspot\share\runtime\sharedRuntime.cpp, line 628]
Event: 7.174 Thread 0x0000018301206150 Implicit null exception at 0x000001835a0e52c6 to 0x000001835a0e55ef
Event: 7.174 Thread 0x0000018301206150 Exception <a 'java/lang/NullPointerException'{0x0000000614053ab0}> (0x0000000614053ab0) 
thrown [s\src\hotspot\share\runtime\sharedRuntime.cpp, line 628]
Event: 7.174 Thread 0x0000018301206150 Implicit null exception at 0x000001835a0e52c6 to 0x000001835a0e55ef
Event: 7.174 Thread 0x0000018301206150 Exception <a 'java/lang/NullPointerException'{0x00000006140550e8}> (0x00000006140550e8) 
thrown [s\src\hotspot\share\runtime\sharedRuntime.cpp, line 628]
Event: 7.174 Thread 0x0000018301206150 Implicit null exception at 0x000001835a0e52c6 to 0x000001835a0e55ef
Event: 7.174 Thread 0x0000018301206150 Exception <a 'java/lang/NullPointerException'{0x00000006140553e0}> (0x00000006140553e0) 
thrown [s\src\hotspot\share\runtime\sharedRuntime.cpp, line 628]
Event: 7.174 Thread 0x0000018301206150 Implicit null exception at 0x000001835a0e52c6 to 0x000001835a0e55ef
Event: 7.174 Thread 0x0000018301206150 Exception <a 'java/lang/NullPointerException'{0x00000006140557e8}> (0x00000006140557e8) 
thrown [s\src\hotspot\share\runtime\sharedRuntime.cpp, line 628]
Event: 7.174 Thread 0x0000018301206150 Implicit null exception at 0x000001835a0e52c6 to 0x000001835a0e55ef
Event: 7.174 Thread 0x0000018301206150 Exception <a 'java/lang/NullPointerException'{0x0000000614055ae0}> (0x0000000614055ae0) 
thrown [s\src\hotspot\share\runtime\sharedRuntime.cpp, line 628]
Event: 7.175 Thread 0x0000018301206150 Implicit null exception at 0x000001835a0e52c6 to 0x000001835a0e55ef
Event: 7.175 Thread 0x0000018301206150 Exception <a 'java/lang/NullPointerException'{0x0000000614057be0}> (0x0000000614057be0) 
thrown [s\src\hotspot\share\runtime\sharedRuntime.cpp, line 628]
Event: 7.175 Thread 0x0000018301206150 Implicit null exception at 0x000001835a0e52c6 to 0x000001835a0e55ef
Event: 7.175 Thread 0x0000018301206150 Exception <a 'java/lang/NullPointerException'{0x0000000614057ed8}> (0x0000000614057ed8) 
thrown [s\src\hotspot\share\runtime\sharedRuntime.cpp, line 628]
Event: 7.175 Thread 0x0000018301206150 Implicit null exception at 0x000001835a0e52c6 to 0x000001835a0e55ef
Event: 7.175 Thread 0x0000018301206150 Exception <a 'java/lang/NullPointerException'{0x00000006140582e0}> (0x00000006140582e0) 
thrown [s\src\hotspot\share\runtime\sharedRuntime.cpp, line 628]
Event: 7.175 Thread 0x0000018301206150 Implicit null exception at 0x000001835a0e52c6 to 0x000001835a0e55ef
Event: 7.175 Thread 0x0000018301206150 Exception <a 'java/lang/NullPointerException'{0x00000006140585d8}> (0x00000006140585d8) 
thrown [s\src\hotspot\share\runtime\sharedRuntime.cpp, line 628]

VM Operations (20 events):
Event: 5.768 Executing VM operation: HandshakeAllThreads done
Event: 5.901 Executing VM operation: G1CollectForAllocation
Event: 5.907 Executing VM operation: G1CollectForAllocation done
Event: 6.230 Executing VM operation: G1CollectForAllocation
Event: 6.232 Executing VM operation: G1CollectForAllocation done
Event: 6.515 Executing VM operation: G1CollectForAllocation
Event: 6.521 Executing VM operation: G1CollectForAllocation done
Event: 6.775 Executing VM operation: G1CollectForAllocation
Event: 6.783 Executing VM operation: G1CollectForAllocation done
Event: 6.881 Executing VM operation: HandshakeAllThreads
Event: 6.881 Executing VM operation: HandshakeAllThreads done
Event: 6.920 Executing VM operation: HandshakeAllThreads
Event: 6.920 Executing VM operation: HandshakeAllThreads done
Event: 6.944 Executing VM operation: ICBufferFull
Event: 6.944 Executing VM operation: ICBufferFull done
Event: 7.045 Executing VM operation: HandshakeAllThreads
Event: 7.045 Executing VM operation: HandshakeAllThreads done
Event: 7.145 Executing VM operation: G1CollectForAllocation
Event: 7.150 Executing VM operation: G1CollectForAllocation done
Event: 7.264 Executing VM operation: G1CollectForAllocation

Events (20 events):
Event: 7.261 Thread 0x00000183012057b0 Thread exited: 0x00000183012057b0
Event: 7.262 Thread 0x0000018301204470 Thread added: 0x0000018301204470
Event: 7.262 Thread 0x0000018301204470 Thread exited: 0x0000018301204470
Event: 7.262 Thread 0x0000018301204470 Thread added: 0x0000018301204470
Event: 7.262 Thread 0x0000018301204470 Thread exited: 0x0000018301204470
Event: 7.262 Thread 0x0000018301204470 Thread added: 0x0000018301204470
Event: 7.262 Thread 0x0000018301204470 Thread exited: 0x0000018301204470
Event: 7.262 Thread 0x0000018301204940 Thread added: 0x0000018301204940
Event: 7.263 Thread 0x0000018301204940 Thread exited: 0x0000018301204940
Event: 7.263 Thread 0x0000018301204470 Thread added: 0x0000018301204470
Event: 7.263 Thread 0x0000018301204470 Thread exited: 0x0000018301204470
Event: 7.263 Thread 0x0000018301204940 Thread added: 0x0000018301204940
Event: 7.263 Thread 0x0000018301204940 Thread exited: 0x0000018301204940
Event: 7.263 Thread 0x00000183012057b0 Thread added: 0x00000183012057b0
Event: 7.263 Thread 0x00000183012057b0 Thread exited: 0x00000183012057b0
Event: 7.263 Thread 0x00000183012057b0 Thread added: 0x00000183012057b0
Event: 7.264 Thread 0x0000018301204470 Thread added: 0x0000018301204470
Event: 7.264 Thread 0x00000183012057b0 Thread exited: 0x00000183012057b0
Event: 7.264 Thread 0x0000018301204470 Thread exited: 0x0000018301204470
Event: 7.264 Thread 0x0000018301204470 Thread added: 0x0000018301204470


Dynamic libraries:
0x00007ff6a52c0000 - 0x00007ff6a52ce000 	C:\Program Files (x86)\STMicroelectronics\STM32Cube\STM32CubeMX\jre\bin\javaw.exe
0x00007fff96690000 - 0x00007fff968a4000 	C:\WINDOWS\SYSTEM32\ntdll.dll
0x00007fff957f0000 - 0x00007fff958b2000 	C:\WINDOWS\System32\KERNEL32.DLL
0x00007fff93f20000 - 0x00007fff942c3000 	C:\WINDOWS\System32\KERNELBASE.dll
0x00007fff93e00000 - 0x00007fff93f11000 	C:\WINDOWS\System32\ucrtbase.dll
0x00007fff7f350000 - 0x00007fff7f367000 	C:\Program Files (x86)\STMicroelectronics\STM32Cube\STM32CubeMX\jre\bin\jli.dll
0x00007fff7ecd0000 - 0x00007fff7ece9000 	C:\Program Files (x86)\STMicroelectronics\STM32Cube\STM32CubeMX\jre\bin\VCRUNTIME140.dll
0x00007fff948c0000 - 0x00007fff94a6b000 	C:\WINDOWS\System32\USER32.dll
0x00007fff942d0000 - 0x00007fff942f6000 	C:\WINDOWS\System32\win32u.dll
0x00007fff7a9a0000 - 0x00007fff7ac2e000 	C:\WINDOWS\WinSxS\amd64_microsoft.windows.common-controls_6595b64144ccf1df_6.0.22621.1635_none_270f70857386168e\COMCTL32.dll
0x00007fff959d0000 - 0x00007fff959f9000 	C:\WINDOWS\System32\GDI32.dll
0x00007fff95680000 - 0x00007fff95727000 	C:\WINDOWS\System32\msvcrt.dll
0x00007fff93ce0000 - 0x00007fff93df8000 	C:\WINDOWS\System32\gdi32full.dll
0x00007fff943f0000 - 0x00007fff9448a000 	C:\WINDOWS\System32\msvcp_win.dll
0x00007fff95c40000 - 0x00007fff95c71000 	C:\WINDOWS\System32\IMM32.DLL
0x00007fff83be0000 - 0x00007fff83bec000 	C:\Program Files (x86)\STMicroelectronics\STM32Cube\STM32CubeMX\jre\bin\vcruntime140_1.dll
0x00007fff51670000 - 0x00007fff51701000 	C:\Program Files (x86)\STMicroelectronics\STM32Cube\STM32CubeMX\jre\bin\msvcp140.dll
0x00007fff22600000 - 0x00007fff23247000 	C:\Program Files (x86)\STMicroelectronics\STM32Cube\STM32CubeMX\jre\bin\server\jvm.dll
0x00007fff95b10000 - 0x00007fff95bbe000 	C:\WINDOWS\System32\ADVAPI32.dll
0x00007fff94640000 - 0x00007fff946e4000 	C:\WINDOWS\System32\sechost.dll
0x00007fff94a70000 - 0x00007fff94b87000 	C:\WINDOWS\System32\RPCRT4.dll
0x00007fff74a00000 - 0x00007fff74a09000 	C:\WINDOWS\SYSTEM32\WSOCK32.dll
0x00007fff849c0000 - 0x00007fff849ca000 	C:\WINDOWS\SYSTEM32\VERSION.dll
0x00007fff68250000 - 0x00007fff68284000 	C:\WINDOWS\SYSTEM32\WINMM.dll
0x00007fff95d60000 - 0x00007fff95dd1000 	C:\WINDOWS\System32\WS2_32.dll
0x00007fff92ac0000 - 0x00007fff92ad8000 	C:\WINDOWS\SYSTEM32\kernel.appcore.dll
0x00007fff838e0000 - 0x00007fff838ea000 	C:\Program Files (x86)\STMicroelectronics\STM32Cube\STM32CubeMX\jre\bin\jimage.dll
0x00007fff7d310000 - 0x00007fff7d53e000 	C:\WINDOWS\SYSTEM32\DBGHELP.DLL
0x00007fff962c0000 - 0x00007fff96649000 	C:\WINDOWS\System32\combase.dll
0x00007fff95c80000 - 0x00007fff95d57000 	C:\WINDOWS\System32\OLEAUT32.dll
0x00007fff841d0000 - 0x00007fff84202000 	C:\WINDOWS\SYSTEM32\dbgcore.DLL
0x00007fff94300000 - 0x00007fff9437b000 	C:\WINDOWS\System32\bcryptPrimitives.dll
0x00007fff74b80000 - 0x00007fff74ba5000 	C:\Program Files (x86)\STMicroelectronics\STM32Cube\STM32CubeMX\jre\bin\java.dll
0x00007fff48110000 - 0x00007fff481e6000 	C:\Program Files (x86)\STMicroelectronics\STM32Cube\STM32CubeMX\jre\bin\jsvml.dll
0x00007fff94e80000 - 0x00007fff9567a000 	C:\WINDOWS\System32\SHELL32.dll
0x00007fff91a30000 - 0x00007fff922fe000 	C:\WINDOWS\SYSTEM32\windows.storage.dll
0x00007fff918f0000 - 0x00007fff91a2e000 	C:\WINDOWS\SYSTEM32\wintypes.dll
0x00007fff94d30000 - 0x00007fff94e21000 	C:\WINDOWS\System32\SHCORE.dll
0x00007fff95970000 - 0x00007fff959ce000 	C:\WINDOWS\System32\shlwapi.dll
0x00007fff939e0000 - 0x00007fff93a01000 	C:\WINDOWS\SYSTEM32\profapi.dll
0x00007fff7c310000 - 0x00007fff7c329000 	C:\Program Files (x86)\STMicroelectronics\STM32Cube\STM32CubeMX\jre\bin\net.dll
0x00007fff8b340000 - 0x00007fff8b477000 	C:\WINDOWS\SYSTEM32\WINHTTP.dll
0x00007fff92f20000 - 0x00007fff92f89000 	C:\WINDOWS\system32\mswsock.dll
0x00007fff74b60000 - 0x00007fff74b75000 	C:\Program Files (x86)\STMicroelectronics\STM32Cube\STM32CubeMX\jre\bin\nio.dll
0x00007fff71c90000 - 0x00007fff71ca8000 	C:\Program Files (x86)\STMicroelectronics\STM32Cube\STM32CubeMX\jre\bin\zip.dll
0x00007fff837f0000 - 0x00007fff837f9000 	C:\Program Files (x86)\STMicroelectronics\STM32Cube\STM32CubeMX\jre\bin\management.dll
0x00007fff83710000 - 0x00007fff8371b000 	C:\Program Files (x86)\STMicroelectronics\STM32Cube\STM32CubeMX\jre\bin\management_ext.dll
0x00007fff948b0000 - 0x00007fff948b8000 	C:\WINDOWS\System32\PSAPI.DLL
0x00007fff79db0000 - 0x00007fff79dc7000 	C:\WINDOWS\system32\napinsp.dll
0x00007fff79d90000 - 0x00007fff79dab000 	C:\WINDOWS\system32\pnrpnsp.dll
0x00007fff925d0000 - 0x00007fff926c3000 	C:\WINDOWS\SYSTEM32\DNSAPI.dll
0x00007fff92560000 - 0x00007fff9258d000 	C:\WINDOWS\SYSTEM32\IPHLPAPI.DLL
0x00007fff957e0000 - 0x00007fff957e9000 	C:\WINDOWS\System32\NSI.dll
0x00007fff77fe0000 - 0x00007fff77ff1000 	C:\WINDOWS\System32\winrnr.dll
0x00007fff77fc0000 - 0x00007fff77fd5000 	C:\WINDOWS\system32\wshbth.dll
0x00007fff77f90000 - 0x00007fff77fb1000 	C:\WINDOWS\system32\nlansp_c.dll
0x00007fff85c40000 - 0x00007fff85c4a000 	C:\Windows\System32\rasadhlp.dll
0x00007fff86bc0000 - 0x00007fff86c44000 	C:\WINDOWS\System32\fwpuclnt.dll
0x00007fff3c6d0000 - 0x00007fff3c85e000 	C:\Program Files (x86)\STMicroelectronics\STM32Cube\STM32CubeMX\jre\bin\awt.dll
0x00007fff90f80000 - 0x00007fff91017000 	C:\WINDOWS\SYSTEM32\apphelp.dll
0x00007fff93240000 - 0x00007fff9325b000 	C:\WINDOWS\SYSTEM32\CRYPTSP.dll
0x00007fff92a30000 - 0x00007fff92a65000 	C:\WINDOWS\system32\rsaenh.dll
0x00007fff92fc0000 - 0x00007fff92fe8000 	C:\WINDOWS\SYSTEM32\USERENV.dll
0x00007fff93370000 - 0x00007fff93398000 	C:\WINDOWS\SYSTEM32\bcrypt.dll
0x00007fff93220000 - 0x00007fff9322c000 	C:\WINDOWS\SYSTEM32\CRYPTBASE.dll
0x00007fff8bdb0000 - 0x00007fff8bdc9000 	C:\WINDOWS\SYSTEM32\dhcpcsvc6.DLL
0x00007fff8b320000 - 0x00007fff8b33f000 	C:\WINDOWS\SYSTEM32\dhcpcsvc.DLL
0x00007fff91060000 - 0x00007fff9110b000 	C:\WINDOWS\system32\uxtheme.dll
0x00007fff94490000 - 0x00007fff945ae000 	C:\WINDOWS\System32\MSCTF.dll
0x00007fff94b90000 - 0x00007fff94d2c000 	C:\WINDOWS\System32\ole32.dll
0x00007fff81350000 - 0x00007fff81377000 	H:\AYY\Dict\10.0.4.0\WordStrokeHelper64.dll
0x00007fff912a0000 - 0x00007fff912cb000 	C:\WINDOWS\system32\DWMAPI.DLL
0x00007fff624f0000 - 0x00007fff625f0000 	C:\WINDOWS\system32\opengl32.dll
0x00007fff81d30000 - 0x00007fff81d5d000 	C:\WINDOWS\SYSTEM32\GLU32.dll
0x00007fff91140000 - 0x00007fff91176000 	C:\WINDOWS\SYSTEM32\dxcore.dll
0x00007fff51780000 - 0x00007fff51806000 	C:\Program Files (x86)\STMicroelectronics\STM32Cube\STM32CubeMX\jre\bin\freetype.dll
0x00007fff515a0000 - 0x00007fff51665000 	C:\Program Files (x86)\STMicroelectronics\STM32Cube\STM32CubeMX\jre\bin\fontmanager.dll
0x00007fff832f0000 - 0x00007fff83300000 	C:\Program Files (x86)\STMicroelectronics\STM32Cube\STM32CubeMX\jre\bin\verify.dll
0x00007fff81e60000 - 0x00007fff81e69000 	C:\Program Files (x86)\STMicroelectronics\STM32Cube\STM32CubeMX\jre\bin\prefs.dll
0x00007fff81b80000 - 0x00007fff81b8e000 	C:\Program Files (x86)\STMicroelectronics\STM32Cube\STM32CubeMX\jre\bin\sunmscapi.dll
0x00007fff93b70000 - 0x00007fff93cd7000 	C:\WINDOWS\System32\CRYPT32.dll
0x00007fff93340000 - 0x00007fff9336e000 	C:\WINDOWS\SYSTEM32\ncrypt.dll
0x00007fff93300000 - 0x00007fff93337000 	C:\WINDOWS\SYSTEM32\NTASN1.dll
0x00007fff93660000 - 0x00007fff93672000 	C:\WINDOWS\SYSTEM32\MSASN1.dll
0x00007fff92f90000 - 0x00007fff92fb6000 	C:\WINDOWS\SYSTEM32\gpapi.dll
0x00007fff84fa0000 - 0x00007fff8500a000 	C:\WINDOWS\system32\ncryptprov.dll
0x00007fff51380000 - 0x00007fff513ad000 	C:\Program Files (x86)\STMicroelectronics\STM32Cube\STM32CubeMX\jre\bin\javajpeg.dll
0x00007fff958c0000 - 0x00007fff95970000 	C:\WINDOWS\System32\clbcatq.dll
0x00007fff8f4f0000 - 0x00007fff8f6a0000 	C:\WINDOWS\SYSTEM32\WindowsCodecs.dll
0x00007fff5dcf0000 - 0x00007fff5dd4e000 	C:\WINDOWS\system32\dataexchange.dll
0x00007fff8cfc0000 - 0x00007fff8d237000 	C:\WINDOWS\system32\twinapi.appcore.dll
0x00007fff800e0000 - 0x00007fff8020d000 	C:\WINDOWS\SYSTEM32\textinputframework.dll
0x00007fff90bb0000 - 0x00007fff90ce3000 	C:\WINDOWS\SYSTEM32\CoreMessaging.dll
0x00007fff8e3e0000 - 0x00007fff8e74c000 	C:\WINDOWS\SYSTEM32\CoreUIComponents.dll
0x00007fff45f10000 - 0x00007fff460fd000 	C:\WINDOWS\system32\sogoutsf.ime
0x00007fff4dee0000 - 0x00007fff4dee7000 	C:\WINDOWS\system32\MSIMG32.dll
0x00007fff45480000 - 0x00007fff45d14000 	C:\WINDOWS\system32\SogouPy.ime
0x00007fff5dd50000 - 0x00007fff5ddb9000 	C:\WINDOWS\SYSTEM32\OLEACC.dll
0x00007fff92ae0000 - 0x00007fff92b14000 	C:\WINDOWS\SYSTEM32\ntmarta.dll
0x0000000010000000 - 0x000000001011d000 	C:\Program Files (x86)\SogouInput\9.8.0.3746\Resource.dll
0x00007fff48d30000 - 0x00007fff48f9a000 	C:\Program Files (x86)\SogouInput\Components\PicFace\1.1.0.1879\PicFace64.dll
0x00007fff95a10000 - 0x00007fff95b07000 	C:\WINDOWS\System32\COMDLG32.dll
0x00007fff80460000 - 0x00007fff80510000 	C:\WINDOWS\SYSTEM32\TextShaping.dll

dbghelp: loaded successfully - version: 4.0.5 - missing functions: none
symbol engine: initialized successfully - sym options: 0x614 - pdb path: .;C:\Program Files (x86)\STMicroelectronics\STM32Cube\STM32CubeMX\jre\bin;C:\WINDOWS\SYSTEM32;C:\WINDOWS\WinSxS\amd64_microsoft.windows.common-controls_6595b64144ccf1df_6.0.22621.1635_none_270f70857386168e;C:\Program Files (x86)\STMicroelectronics\STM32Cube\STM32CubeMX\jre\bin\server;H:\AYY\Dict\10.0.4.0;C:\Program Files (x86)\SogouInput\9.8.0.3746;C:\Program Files (x86)\SogouInput\Components\PicFace\1.1.0.1879

VM Arguments:
jvm_args: -Djavax.net.ssl.trustStoreType=WINDOWS-ROOT 
java_command: com.st.microxplorer.maingui.STM32CubeMX S:\SYNC\_2HMNST\PJ\_39CatalyticCombustionGAS_Tool_30\SF\MCU\STM32\CCT30.ioc
java_class_path (initial): C:\Program Files (x86)\STMicroelectronics\STM32Cube\STM32CubeMX\STM32CubeMX.exe;anything
Launcher Type: SUN_STANDARD

[Global flags]
     intx CICompilerCount                          = 3                                         {product} {ergonomic}
     uint ConcGCThreads                            = 2                                         {product} {ergonomic}
     uint G1ConcRefinementThreads                  = 6                                         {product} {ergonomic}
   size_t G1HeapRegionSize                         = 4194304                                   {product} {ergonomic}
    uintx GCDrainStackTargetSize                   = 64                                        {product} {ergonomic}
   size_t InitialHeapSize                          = 536870912                                 {product} {ergonomic}
   size_t MarkStackSize                            = 4194304                                   {product} {ergonomic}
   size_t MaxHeapSize                              = 8556380160                                {product} {ergonomic}
   size_t MaxNewSize                               = 5133828096                                {product} {ergonomic}
   size_t MinHeapDeltaBytes                        = 4194304                                   {product} {ergonomic}
   size_t MinHeapSize                              = 8388608                                   {product} {ergonomic}
    uintx NonNMethodCodeHeapSize                   = 5832780                                {pd product} {ergonomic}
    uintx NonProfiledCodeHeapSize                  = 122912730                              {pd product} {ergonomic}
    uintx ProfiledCodeHeapSize                     = 122912730                              {pd product} {ergonomic}
    uintx ReservedCodeCacheSize                    = 251658240                              {pd product} {ergonomic}
     bool SegmentedCodeCache                       = true                                      {product} {ergonomic}
   size_t SoftMaxHeapSize                          = 8556380160                             {manageable} {ergonomic}
     bool UseCompressedClassPointers               = true                           {product lp64_product} {ergonomic}
     bool UseCompressedOops                        = true                           {product lp64_product} {ergonomic}
     bool UseG1GC                                  = true                                      {product} {ergonomic}
     bool UseLargePagesIndividualAllocation        = false                                  {pd product} {ergonomic}

Logging:
Log output configuration:
 #0: stdout all=warning uptime,level,tags
 #1: stderr all=off uptime,level,tags

Environment Variables:
JAVA_HOME=D:\ALLAPP~1\Service\Development\JavaSE\Java\jdk1.8.0_202;D:\ALLAPP~1\Service\Development\JavaSE\Java\jdk1.8.0_202\jre\bin;D:\ALLAPP~1\Service\Development\JavaSE\Java\jdk1.8.0_202\bin
PATH=C:\Program Files (x86)\STMicroelectronics\STM32Cube\STM32CubeMX\;H:\AYY\VMware Workstation\bin\;G:\AYY_CY\VM\bin\;G:\ProgramData\Anaconda3;G:\ProgramData\Anaconda3\Library\mingw-w64\bin;G:\ProgramData\Anaconda3\Library\usr\bin;G:\ProgramData\Anaconda3\Library\bin;G:\ProgramData\Anaconda3\Scripts;S:\ConfigurationHelp\IDEA\PyCharm\Conda\Anaconda;S:\ConfigurationHelp\IDEA\PyCharm\Conda\Anaconda\Library\mingw-w64\bin;S:\ConfigurationHelp\IDEA\PyCharm\Conda\Anaconda\Library\usr\bin;S:\ConfigurationHelp\IDEA\PyCharm\Conda\Anaconda\Library\bin;S:\ConfigurationHelp\IDEA\PyCharm\Conda\Anaconda\Scripts;D:\Software\xmanager\Xlpd 6\;D:\Software\xmanager\Xshell 6\;D:\Software\xmanager\Xmanager 6\;C:\Windows\system32;C:\Windows;C:\Windows\System32\Wbem;C:\Windows\System32\WindowsPowerShell\v1.0\;C:\Windows\System32\OpenSSH\;C:\Program Files\Microsoft SQL Server\130\Tools\Binn\;E:\Program Files\TortoiseSVN\bin;E:\Program Files\Git\cmd;G:\AYY_CY\Nodejs\;C:\ProgramData\chocolatey\bin;C:\Program Files (x86)\Windows Kits\10\Windows Performance Toolkit\;C:\Program Files (x86)\Windows Kits\10\Microsoft Application Virtualization\Sequencer\;C:\Program Files\python;C:\Program Files\python\Scripts;E:\AYY\BtSoft\panel\script;C:\Program Files\dotnet\;C:\Program Files\MySQL\MySQL Shell 8.0\bin\;E:\Users\admin\AppData\Local\Programs\Microsoft VS Code\bin;C:\Users\admin\AppData\Roaming\npm;C:\Users\admin\.dotnet\tools;E:\Users\admin\AppData\Local\Programs\Fiddler;Z:\SYNC\Rclone\rclone;C:\Users\admin\AppData\Local\Microsoft\WindowsApps;F:\AYY_CY\IDEA\IntelliJ IDEA 2021.2.1\bin;D:\AllApplications\Service\Development\SQL\MySQL80\bin;G:\AYY_CY\PyCharm\PyCharm 2022.1.2\bin;D:\AllApplications\Service\Development\JavaSE\Java\jdk1.8.0_202;D:\AllApplications\Service\Development\JavaSE\Java\jdk1.8.0_202\jre\bin;D:\AllApplications\Service\Development\JavaSE\Java\jdk1.8.0_202\bin;C:\Program Files\Microsoft SQL Server\150\Tools\Binn\;C:\Program Files (x86)\AOMEI\AOMEI Backupper\6.9.1;D:\ALLAPP~1\Service\D
USERNAME=admin
OS=Windows_NT
PROCESSOR_IDENTIFIER=Intel64 Family 6 Model 158 Stepping 10, GenuineIntel
TMP=C:\Users\admin\AppData\Local\Temp
TEMP=C:\Users\admin\AppData\Local\Temp



---------------  S Y S T E M  ---------------

OS:
 Windows 11 , 64 bit Build 22621 (10.0.22621.1635)
OS uptime: 43 days 2:50 hours
Hyper-V role detected

CPU: total 6 (initial active 6) (6 cores per cpu, 1 threads per core) family 6 model 158 stepping 10 microcode 0xde, cx8, cmov, fxsr, mmx, 3dnowpref, sse, sse2, sse3, ssse3, sse4.1, sse4.2, popcnt, lzcnt, tsc, tscinvbit, avx, avx2, aes, erms, clmul, bmi1, bmi2, rtm, adx, fma, vzeroupper, clflush, clflushopt, hv

Memory: 4k page, system-wide physical 32636M (10486M free)
TotalPageFile size 42876M (AvailPageFile size 140M)
current process WorkingSet (physical memory assigned to process): 508M, peak: 515M
current process commit charge ("private bytes"): 560M, peak: 762M

vm_info: OpenJDK 64-Bit Server VM (17.0.6+10) for windows-amd64 JRE (17.0.6+10), built on Jan 18 2023 10:08:59 by "temurin" with MS VC++ 16.7 (VS2019)

END.
