#
# There is insufficient memory for the Java Runtime Environment to continue.
# Native memory allocation (mmap) failed to map 100663296 bytes for G1 virtual space
# Possible reasons:
#   The system is out of physical RAM or swap space
#   The process is running with CompressedOops enabled, and the Java Heap may be blocking the growth of the native heap
# Possible solutions:
#   Reduce memory load on the system
#   Increase physical memory or swap space
#   Check if swap backing store is full
#   Decrease Java heap size (-Xmx/-Xms)
#   Decrease number of Java threads
#   Decrease Java thread stack sizes (-Xss)
#   Set larger code cache with -XX:ReservedCodeCacheSize=
#   JVM is running with Zero Based Compressed Oops mode in which the Java heap is
#     placed in the first 32GB address space. The Java Heap base address is the
#     maximum limit for the native heap growth. Please use -XX:HeapBaseMinAddress
#     to set the Java Heap base and to place the Java Heap above 32GB virtual address.
# This output file may be truncated or incomplete.
#
#  Out of Memory Error (os_windows.cpp:3557), pid=12380, tid=5192
#
# JRE version: OpenJDK Runtime Environment Temurin-17.0.6+10 (17.0.6+10) (build 17.0.6+10)
# Java VM: OpenJDK 64-Bit Server VM Temurin-17.0.6+10 (17.0.6+10, mixed mode, tiered, compressed oops, compressed class ptrs, g1 gc, windows-amd64)
# No core dump will be written. Minidumps are not enabled by default on client versions of Windows
#

---------------  S U M M A R Y ------------

Command Line: -Djavax.net.ssl.trustStoreType=WINDOWS-ROOT com.st.microxplorer.maingui.STM32CubeMX S:\SYNC\_2HMNST\PJ\_39CatalyticCombustionGAS_Tool_30\SF\MCU\STM32\CCT30.ioc

Host: Intel(R) Core(TM) i5-9500 CPU @ 3.00GHz, 6 cores, 31G,  Windows 11 , 64 bit Build 22621 (10.0.22621.1635)
Time: Wed Nov  1 17:24:36 2023 China Standard Time elapsed time: 7.722893 seconds (0d 0h 0m 7s)

---------------  T H R E A D  ---------------

Current thread (0x0000027b7fc4a030):  VMThread "VM Thread" [stack: 0x000000adf1e00000,0x000000adf1f00000] [id=5192]

Stack: [0x000000adf1e00000,0x000000adf1f00000]
Native frames: (J=compiled Java code, j=interpreted, Vv=VM code, C=native code)
V  [jvm.dll+0x67741a]
V  [jvm.dll+0x834434]
V  [jvm.dll+0x835bde]
V  [jvm.dll+0x836243]
V  [jvm.dll+0x2457b5]
V  [jvm.dll+0x674329]
V  [jvm.dll+0x6689da]
V  [jvm.dll+0x30489b]
V  [jvm.dll+0x30bd96]
V  [jvm.dll+0x35b57e]
V  [jvm.dll+0x35b7af]
V  [jvm.dll+0x2db778]
V  [jvm.dll+0x2d9a2c]
V  [jvm.dll+0x2d8ffc]
V  [jvm.dll+0x31cdcb]
V  [jvm.dll+0x83a6eb]
V  [jvm.dll+0x83b424]
V  [jvm.dll+0x83b93c]
V  [jvm.dll+0x83bd14]
V  [jvm.dll+0x83bde0]
V  [jvm.dll+0x7e483a]
V  [jvm.dll+0x6762c5]
C  [ucrtbase.dll+0x29363]
C  [KERNEL32.DLL+0x126ad]
C  [ntdll.dll+0x5a9f8]

VM_Operation (0x000000adf37fe890): G1CollectForAllocation, mode: safepoint, requested by thread 0x0000027b09e9fb20


---------------  P R O C E S S  ---------------

Threads class SMR info:
_java_thread_list=0x0000027b0994eba0, length=21, elements={
0x0000027b7fc4c8d0, 0x0000027b7fc4d390, 0x0000027b02416170, 0x0000027b0242f780,
0x0000027b02430250, 0x0000027b02445f50, 0x0000027b0244f650, 0x0000027b024332f0,
0x0000027b02434000, 0x0000027b025c0ae0, 0x0000027b025cafd0, 0x0000027b026a0a70,
0x0000027b038b43f0, 0x0000027b038b48c0, 0x0000027b048ab7a0, 0x0000027b04f57500,
0x0000027b04f5aec0, 0x0000027b04f57ea0, 0x0000027b04f58d10, 0x0000027b03897590,
0x0000027b09e9fb20
}

Java Threads: ( => current thread )
  0x0000027b7fc4c8d0 JavaThread "Reference Handler" daemon [_thread_blocked, id=13800, stack(0x000000adf1f00000,0x000000adf2000000)]
  0x0000027b7fc4d390 JavaThread "Finalizer" daemon [_thread_blocked, id=2320, stack(0x000000adf2000000,0x000000adf2100000)]
  0x0000027b02416170 JavaThread "Signal Dispatcher" daemon [_thread_blocked, id=5252, stack(0x000000adf2100000,0x000000adf2200000)]
  0x0000027b0242f780 JavaThread "Attach Listener" daemon [_thread_blocked, id=26164, stack(0x000000adf2200000,0x000000adf2300000)]
  0x0000027b02430250 JavaThread "Service Thread" daemon [_thread_blocked, id=9812, stack(0x000000adf2300000,0x000000adf2400000)]
  0x0000027b02445f50 JavaThread "Monitor Deflation Thread" daemon [_thread_blocked, id=6320, stack(0x000000adf2400000,0x000000adf2500000)]
  0x0000027b0244f650 JavaThread "C2 CompilerThread0" daemon [_thread_blocked, id=43160, stack(0x000000adf2500000,0x000000adf2600000)]
  0x0000027b024332f0 JavaThread "C1 CompilerThread0" daemon [_thread_blocked, id=14324, stack(0x000000adf2600000,0x000000adf2700000)]
  0x0000027b02434000 JavaThread "Sweeper thread" daemon [_thread_blocked, id=25780, stack(0x000000adf2700000,0x000000adf2800000)]
  0x0000027b025c0ae0 JavaThread "Notification Thread" daemon [_thread_blocked, id=30704, stack(0x000000adf2800000,0x000000adf2900000)]
  0x0000027b025cafd0 JavaThread "Common-Cleaner" daemon [_thread_blocked, id=31468, stack(0x000000adf2a00000,0x000000adf2b00000)]
  0x0000027b026a0a70 JavaThread "Java2D Disposer" daemon [_thread_blocked, id=7532, stack(0x000000adf2b00000,0x000000adf2c00000)]
  0x0000027b038b43f0 JavaThread "AWT-Shutdown" [_thread_blocked, id=34456, stack(0x000000adf3200000,0x000000adf3300000)]
  0x0000027b038b48c0 JavaThread "AWT-Windows" daemon [_thread_blocked, id=1296, stack(0x000000adf3300000,0x000000adf3400000)]
  0x0000027b048ab7a0 JavaThread "AWT-EventQueue-0" [_thread_blocked, id=20356, stack(0x000000adf3500000,0x000000adf3600000)]
  0x0000027b04f57500 JavaThread "DestroyJavaVM" [_thread_blocked, id=16352, stack(0x000000adf1800000,0x000000adf1900000)]
  0x0000027b04f5aec0 JavaThread "Image Fetcher 0" daemon [_thread_blocked, id=31400, stack(0x000000adf3800000,0x000000adf3900000)]
  0x0000027b04f57ea0 JavaThread "TimerQueue" daemon [_thread_blocked, id=33608, stack(0x000000adf3a00000,0x000000adf3b00000)]
  0x0000027b04f58d10 JavaThread "Keep-Alive-Timer" daemon [_thread_blocked, id=32568, stack(0x000000adf3e00000,0x000000adf3f00000)]
  0x0000027b03897590 JavaThread "C2 CompilerThread1" daemon [_thread_blocked, id=43328, stack(0x000000adf3100000,0x000000adf3200000)]
  0x0000027b09e9fb20 JavaThread "SwingWorker-pool-2-thread-1" daemon [_thread_blocked, id=6984, stack(0x000000adf3700000,0x000000adf3800000)]

Other Threads:
=>0x0000027b7fc4a030 VMThread "VM Thread" [stack: 0x000000adf1e00000,0x000000adf1f00000] [id=5192]
  0x0000027b7fa5c910 WatcherThread [stack: 0x000000adf2900000,0x000000adf2a00000] [id=32948]
  0x0000027b558eb400 GCTaskThread "GC Thread#0" [stack: 0x000000adf1900000,0x000000adf1a00000] [id=21512]
  0x0000027b0475ab40 GCTaskThread "GC Thread#1" [stack: 0x000000adf2c00000,0x000000adf2d00000] [id=27624]
  0x0000027b03527a10 GCTaskThread "GC Thread#2" [stack: 0x000000adf2d00000,0x000000adf2e00000] [id=27836]
  0x0000027b03527cc0 GCTaskThread "GC Thread#3" [stack: 0x000000adf2e00000,0x000000adf2f00000] [id=24780]
  0x0000027b03527f70 GCTaskThread "GC Thread#4" [stack: 0x000000adf2f00000,0x000000adf3000000] [id=21836]
  0x0000027b03857000 GCTaskThread "GC Thread#5" [stack: 0x000000adf3000000,0x000000adf3100000] [id=30136]
  0x0000027b558fda60 ConcurrentGCThread "G1 Main Marker" [stack: 0x000000adf1a00000,0x000000adf1b00000] [id=8364]
  0x0000027b558fe380 ConcurrentGCThread "G1 Conc#0" [stack: 0x000000adf1b00000,0x000000adf1c00000] [id=25384]
  0x0000027b04844030 ConcurrentGCThread "G1 Conc#1" [stack: 0x000000adf3400000,0x000000adf3500000] [id=23220]
  0x0000027b7fb20ec0 ConcurrentGCThread "G1 Refine#0" [stack: 0x000000adf1c00000,0x000000adf1d00000] [id=1568]
  0x0000027b7fb226a0 ConcurrentGCThread "G1 Service" [stack: 0x000000adf1d00000,0x000000adf1e00000] [id=18984]

Threads with active compile tasks:
C2 CompilerThread0     7751 7296   !   4       java.lang.StringLatin1::replace (291 bytes)
C1 CompilerThread0     7751 7365       2       com.st.microxplorer.util.LogicalParser::getVariables (176 bytes)
C2 CompilerThread1     7751 7242       4       org.apache.xerces.impl.XMLNSDocumentScannerImpl::scanStartElement (873 bytes)

VM state: at safepoint (normal execution)

VM Mutex/Monitor currently owned by a thread:  ([mutex/lock_event])
[0x0000027b558405c0] Threads_lock - owner thread: 0x0000027b7fc4a030
[0x0000027b5583fe70] Heap_lock - owner thread: 0x0000027b09e9fb20

Heap address: 0x0000000602000000, size: 8160 MB, Compressed Oops mode: Zero based, Oop shift amount: 3

CDS archive(s) not mapped
Compressed class space mapped at: 0x0000000800000000-0x0000000840000000, reserved size: 1073741824
Narrow klass base: 0x0000000800000000, Narrow klass shift: 0, Narrow klass range: 0x40000000

GC Precious Log:
 CPUs: 6 total, 6 available
 Memory: 32636M
 Large Page Support: Disabled
 NUMA Support: Disabled
 Compressed Oops: Enabled (Zero based)
 Heap Region Size: 4M
 Heap Min Capacity: 8M
 Heap Initial Capacity: 512M
 Heap Max Capacity: 8160M
 Pre-touch: Disabled
 Parallel Workers: 6
 Concurrent Workers: 2
 Concurrent Refinement Workers: 6
 Periodic GC: Disabled

Heap:
 garbage-first heap   total 417792K, used 108563K [0x0000000602000000, 0x0000000800000000)
  region size 4096K, 3 young (12288K), 3 survivors (12288K)
 Metaspace       used 67000K, committed 67904K, reserved 1114112K
  class space    used 7608K, committed 8064K, reserved 1048576K

Heap Regions: E=young(eden), S=young(survivor), O=old, HS=humongous(starts), HC=humongous(continues), CS=collection set, F=free, OA=open archive, CA=closed archive, TAMS=top-at-mark-start (previous, next)
|   0|0x0000000602000000, 0x0000000602400000, 0x0000000602400000|100%|HS|  |TAMS 0x0000000602400000, 0x0000000602400000| Complete 
|   1|0x0000000602400000, 0x0000000602800000, 0x0000000602800000|100%|HC|  |TAMS 0x0000000602800000, 0x0000000602800000| Complete 
|   2|0x0000000602800000, 0x0000000602c00000, 0x0000000602c00000|100%| O|  |TAMS 0x0000000602c00000, 0x0000000602c00000| Untracked 
|   3|0x0000000602c00000, 0x0000000603000000, 0x0000000603000000|100%| O|  |TAMS 0x0000000603000000, 0x0000000603000000| Untracked 
|   4|0x0000000603000000, 0x0000000603400000, 0x0000000603400000|100%| O|  |TAMS 0x0000000603400000, 0x0000000603400000| Untracked 
|   5|0x0000000603400000, 0x0000000603800000, 0x0000000603800000|100%| O|  |TAMS 0x0000000603800000, 0x0000000603800000| Untracked 
|   6|0x0000000603800000, 0x0000000603c00000, 0x0000000603c00000|100%| O|  |TAMS 0x0000000603c00000, 0x0000000603c00000| Untracked 
|   7|0x0000000603c00000, 0x0000000604000000, 0x0000000604000000|100%|HS|  |TAMS 0x0000000604000000, 0x0000000604000000| Complete 
|   8|0x0000000604000000, 0x0000000604400000, 0x0000000604400000|100%|HS|  |TAMS 0x0000000604400000, 0x0000000604400000| Complete 
|   9|0x0000000604400000, 0x0000000604800000, 0x0000000604800000|100%| O|  |TAMS 0x0000000604800000, 0x0000000604800000| Untracked 
|  10|0x0000000604800000, 0x0000000604c00000, 0x0000000604c00000|100%|HS|  |TAMS 0x0000000604c00000, 0x0000000604c00000| Complete 
|  11|0x0000000604c00000, 0x0000000605000000, 0x0000000605000000|100%| O|  |TAMS 0x0000000604eca600, 0x0000000604eca600| Untracked 
|  12|0x0000000605000000, 0x0000000605400000, 0x0000000605400000|100%|HS|  |TAMS 0x0000000605400000, 0x0000000605400000| Complete 
|  13|0x0000000605400000, 0x0000000605800000, 0x0000000605800000|100%|HS|  |TAMS 0x0000000605800000, 0x0000000605800000| Complete 
|  14|0x0000000605800000, 0x0000000605c00000, 0x0000000605c00000|100%|HS|  |TAMS 0x0000000605800000, 0x0000000605c00000| Complete 
|  15|0x0000000605c00000, 0x0000000606000000, 0x0000000606000000|100%|HS|  |TAMS 0x0000000605c00000, 0x0000000605c00000| Complete 
|  16|0x0000000606000000, 0x0000000606400000, 0x0000000606400000|100%|HS|  |TAMS 0x0000000606000000, 0x0000000606000000| Complete 
|  17|0x0000000606400000, 0x0000000606800000, 0x0000000606800000|100%|HS|  |TAMS 0x0000000606400000, 0x0000000606400000| Complete 
|  18|0x0000000606800000, 0x0000000606c00000, 0x0000000606c00000|100%|HS|  |TAMS 0x0000000606800000, 0x0000000606800000| Complete 
|  19|0x0000000606c00000, 0x0000000607000000, 0x0000000607000000|100%| O|  |TAMS 0x0000000606c00000, 0x0000000606c00000| Untracked 
|  20|0x0000000607000000, 0x0000000607400000, 0x0000000607400000|100%| O|  |TAMS 0x0000000607000000, 0x0000000607000000| Untracked 
|  21|0x0000000607400000, 0x0000000607636600, 0x0000000607800000| 55%| O|  |TAMS 0x0000000607400000, 0x0000000607400000| Untracked 
|  22|0x0000000607800000, 0x0000000607c00000, 0x0000000607c00000|100%|HS|  |TAMS 0x0000000607800000, 0x0000000607800000| Complete 
|  23|0x0000000607c00000, 0x0000000608000000, 0x0000000608000000|100%|HC|  |TAMS 0x0000000607c00000, 0x0000000607c00000| Complete 
|  24|0x0000000608000000, 0x0000000608000000, 0x0000000608400000|  0%| F|  |TAMS 0x0000000608000000, 0x0000000608000000| Untracked 
|  25|0x0000000608400000, 0x0000000608400000, 0x0000000608800000|  0%| F|  |TAMS 0x0000000608400000, 0x0000000608400000| Untracked 
|  26|0x0000000608800000, 0x0000000608800000, 0x0000000608c00000|  0%| F|  |TAMS 0x0000000608800000, 0x0000000608800000| Untracked 
|  27|0x0000000608c00000, 0x0000000608c00000, 0x0000000609000000|  0%| F|  |TAMS 0x0000000608c00000, 0x0000000608c00000| Untracked 
|  28|0x0000000609000000, 0x0000000609000000, 0x0000000609400000|  0%| F|  |TAMS 0x0000000609000000, 0x0000000609000000| Untracked 
|  29|0x0000000609400000, 0x0000000609400000, 0x0000000609800000|  0%| F|  |TAMS 0x0000000609400000, 0x0000000609400000| Untracked 
|  30|0x0000000609800000, 0x0000000609800000, 0x0000000609c00000|  0%| F|  |TAMS 0x0000000609800000, 0x0000000609800000| Untracked 
|  31|0x0000000609c00000, 0x0000000609c00000, 0x000000060a000000|  0%| F|  |TAMS 0x0000000609c00000, 0x0000000609c00000| Untracked 
|  32|0x000000060a000000, 0x000000060a000000, 0x000000060a400000|  0%| F|  |TAMS 0x000000060a000000, 0x000000060a000000| Untracked 
|  33|0x000000060a400000, 0x000000060a400000, 0x000000060a800000|  0%| F|  |TAMS 0x000000060a400000, 0x000000060a400000| Untracked 
|  34|0x000000060a800000, 0x000000060a800000, 0x000000060ac00000|  0%| F|  |TAMS 0x000000060a800000, 0x000000060a800000| Untracked 
|  35|0x000000060ac00000, 0x000000060ac00000, 0x000000060b000000|  0%| F|  |TAMS 0x000000060ac00000, 0x000000060ac00000| Untracked 
|  36|0x000000060b000000, 0x000000060b000000, 0x000000060b400000|  0%| F|  |TAMS 0x000000060b000000, 0x000000060b000000| Untracked 
|  37|0x000000060b400000, 0x000000060b400000, 0x000000060b800000|  0%| F|  |TAMS 0x000000060b400000, 0x000000060b400000| Untracked 
|  38|0x000000060b800000, 0x000000060b800000, 0x000000060bc00000|  0%| F|  |TAMS 0x000000060b800000, 0x000000060b800000| Untracked 
|  39|0x000000060bc00000, 0x000000060bc00000, 0x000000060c000000|  0%| F|  |TAMS 0x000000060bc00000, 0x000000060bc00000| Untracked 
|  40|0x000000060c000000, 0x000000060c000000, 0x000000060c400000|  0%| F|  |TAMS 0x000000060c000000, 0x000000060c000000| Untracked 
|  41|0x000000060c400000, 0x000000060c7ce988, 0x000000060c800000| 95%| S|CS|TAMS 0x000000060c400000, 0x000000060c400000| Complete 
|  42|0x000000060c800000, 0x000000060cc00000, 0x000000060cc00000|100%| S|CS|TAMS 0x000000060c800000, 0x000000060c800000| Complete 
|  43|0x000000060cc00000, 0x000000060d000000, 0x000000060d000000|100%| S|CS|TAMS 0x000000060cc00000, 0x000000060cc00000| Complete 
|  44|0x000000060d000000, 0x000000060d000000, 0x000000060d400000|  0%| F|  |TAMS 0x000000060d000000, 0x000000060d000000| Untracked 
|  45|0x000000060d400000, 0x000000060d400000, 0x000000060d800000|  0%| F|  |TAMS 0x000000060d400000, 0x000000060d400000| Untracked 
|  46|0x000000060d800000, 0x000000060d800000, 0x000000060dc00000|  0%| F|  |TAMS 0x000000060d800000, 0x000000060d800000| Untracked 
|  47|0x000000060dc00000, 0x000000060dc00000, 0x000000060e000000|  0%| F|  |TAMS 0x000000060dc00000, 0x000000060dc00000| Untracked 
|  48|0x000000060e000000, 0x000000060e000000, 0x000000060e400000|  0%| F|  |TAMS 0x000000060e000000, 0x000000060e000000| Untracked 
|  49|0x000000060e400000, 0x000000060e400000, 0x000000060e800000|  0%| F|  |TAMS 0x000000060e400000, 0x000000060e400000| Untracked 
|  50|0x000000060e800000, 0x000000060e800000, 0x000000060ec00000|  0%| F|  |TAMS 0x000000060e800000, 0x000000060e800000| Untracked 
|  51|0x000000060ec00000, 0x000000060ec00000, 0x000000060f000000|  0%| F|  |TAMS 0x000000060ec00000, 0x000000060ec00000| Untracked 
|  52|0x000000060f000000, 0x000000060f000000, 0x000000060f400000|  0%| F|  |TAMS 0x000000060f000000, 0x000000060f000000| Untracked 
|  53|0x000000060f400000, 0x000000060f400000, 0x000000060f800000|  0%| F|  |TAMS 0x000000060f400000, 0x000000060f400000| Untracked 
|  54|0x000000060f800000, 0x000000060f800000, 0x000000060fc00000|  0%| F|  |TAMS 0x000000060f800000, 0x000000060f800000| Untracked 
|  55|0x000000060fc00000, 0x000000060fc00000, 0x0000000610000000|  0%| F|  |TAMS 0x000000060fc00000, 0x000000060fc00000| Untracked 
|  56|0x0000000610000000, 0x0000000610000000, 0x0000000610400000|  0%| F|  |TAMS 0x0000000610000000, 0x0000000610000000| Untracked 
|  57|0x0000000610400000, 0x0000000610400000, 0x0000000610800000|  0%| F|  |TAMS 0x0000000610400000, 0x0000000610400000| Untracked 
|  58|0x0000000610800000, 0x0000000610800000, 0x0000000610c00000|  0%| F|  |TAMS 0x0000000610800000, 0x0000000610800000| Untracked 
|  59|0x0000000610c00000, 0x0000000610c00000, 0x0000000611000000|  0%| F|  |TAMS 0x0000000610c00000, 0x0000000610c00000| Untracked 
|  60|0x0000000611000000, 0x0000000611000000, 0x0000000611400000|  0%| F|  |TAMS 0x0000000611000000, 0x0000000611000000| Untracked 
|  61|0x0000000611400000, 0x0000000611400000, 0x0000000611800000|  0%| F|  |TAMS 0x0000000611400000, 0x0000000611400000| Untracked 
|  62|0x0000000611800000, 0x0000000611800000, 0x0000000611c00000|  0%| F|  |TAMS 0x0000000611800000, 0x0000000611800000| Untracked 
|  63|0x0000000611c00000, 0x0000000611c00000, 0x0000000612000000|  0%| F|  |TAMS 0x0000000611c00000, 0x0000000611c00000| Untracked 
|  64|0x0000000612000000, 0x0000000612000000, 0x0000000612400000|  0%| F|  |TAMS 0x0000000612000000, 0x0000000612000000| Untracked 
|  65|0x0000000612400000, 0x0000000612400000, 0x0000000612800000|  0%| F|  |TAMS 0x0000000612400000, 0x0000000612400000| Untracked 
|  66|0x0000000612800000, 0x0000000612800000, 0x0000000612c00000|  0%| F|  |TAMS 0x0000000612800000, 0x0000000612800000| Untracked 
|  67|0x0000000612c00000, 0x0000000612c00000, 0x0000000613000000|  0%| F|  |TAMS 0x0000000612c00000, 0x0000000612c00000| Untracked 
|  68|0x0000000613000000, 0x0000000613000000, 0x0000000613400000|  0%| F|  |TAMS 0x0000000613000000, 0x0000000613000000| Untracked 
|  69|0x0000000613400000, 0x0000000613400000, 0x0000000613800000|  0%| F|  |TAMS 0x0000000613400000, 0x0000000613400000| Untracked 
|  70|0x0000000613800000, 0x0000000613800000, 0x0000000613c00000|  0%| F|  |TAMS 0x0000000613800000, 0x0000000613800000| Untracked 
|  71|0x0000000613c00000, 0x0000000613c00000, 0x0000000614000000|  0%| F|  |TAMS 0x0000000613c00000, 0x0000000613c00000| Untracked 
|  72|0x0000000614000000, 0x0000000614000000, 0x0000000614400000|  0%| F|  |TAMS 0x0000000614000000, 0x0000000614000000| Untracked 
|  73|0x0000000614400000, 0x0000000614400000, 0x0000000614800000|  0%| F|  |TAMS 0x0000000614400000, 0x0000000614400000| Untracked 
|  74|0x0000000614800000, 0x0000000614800000, 0x0000000614c00000|  0%| F|  |TAMS 0x0000000614800000, 0x0000000614800000| Untracked 
|  75|0x0000000614c00000, 0x0000000614c00000, 0x0000000615000000|  0%| F|  |TAMS 0x0000000614c00000, 0x0000000614c00000| Untracked 
|  76|0x0000000615000000, 0x0000000615000000, 0x0000000615400000|  0%| F|  |TAMS 0x0000000615000000, 0x0000000615000000| Untracked 
|  77|0x0000000615400000, 0x0000000615400000, 0x0000000615800000|  0%| F|  |TAMS 0x0000000615400000, 0x0000000615400000| Untracked 
|  78|0x0000000615800000, 0x0000000615800000, 0x0000000615c00000|  0%| F|  |TAMS 0x0000000615800000, 0x0000000615800000| Untracked 
|  79|0x0000000615c00000, 0x0000000615c00000, 0x0000000616000000|  0%| F|  |TAMS 0x0000000615c00000, 0x0000000615c00000| Untracked 
|  80|0x0000000616000000, 0x0000000616000000, 0x0000000616400000|  0%| F|  |TAMS 0x0000000616000000, 0x0000000616000000| Untracked 
|  81|0x0000000616400000, 0x0000000616400000, 0x0000000616800000|  0%| F|  |TAMS 0x0000000616400000, 0x0000000616400000| Untracked 
|  82|0x0000000616800000, 0x0000000616800000, 0x0000000616c00000|  0%| F|  |TAMS 0x0000000616800000, 0x0000000616800000| Untracked 
|  83|0x0000000616c00000, 0x0000000616c00000, 0x0000000617000000|  0%| F|  |TAMS 0x0000000616c00000, 0x0000000616c00000| Untracked 
|  84|0x0000000617000000, 0x0000000617000000, 0x0000000617400000|  0%| F|  |TAMS 0x0000000617000000, 0x0000000617000000| Untracked 
|  85|0x0000000617400000, 0x0000000617400000, 0x0000000617800000|  0%| F|  |TAMS 0x0000000617400000, 0x0000000617400000| Untracked 
|  86|0x0000000617800000, 0x0000000617800000, 0x0000000617c00000|  0%| F|  |TAMS 0x0000000617800000, 0x0000000617800000| Untracked 
|  87|0x0000000617c00000, 0x0000000617c00000, 0x0000000618000000|  0%| F|  |TAMS 0x0000000617c00000, 0x0000000617c00000| Untracked 
|  88|0x0000000618000000, 0x0000000618000000, 0x0000000618400000|  0%| F|  |TAMS 0x0000000618000000, 0x0000000618000000| Untracked 
|  89|0x0000000618400000, 0x0000000618400000, 0x0000000618800000|  0%| F|  |TAMS 0x0000000618400000, 0x0000000618400000| Untracked 
|  90|0x0000000618800000, 0x0000000618800000, 0x0000000618c00000|  0%| F|  |TAMS 0x0000000618800000, 0x0000000618800000| Untracked 
|  91|0x0000000618c00000, 0x0000000618c00000, 0x0000000619000000|  0%| F|  |TAMS 0x0000000618c00000, 0x0000000618c00000| Untracked 
|  92|0x0000000619000000, 0x0000000619000000, 0x0000000619400000|  0%| F|  |TAMS 0x0000000619000000, 0x0000000619000000| Untracked 
|  93|0x0000000619400000, 0x0000000619400000, 0x0000000619800000|  0%| F|  |TAMS 0x0000000619400000, 0x0000000619400000| Untracked 
|  94|0x0000000619800000, 0x0000000619800000, 0x0000000619c00000|  0%| F|  |TAMS 0x0000000619800000, 0x0000000619800000| Untracked 
|  95|0x0000000619c00000, 0x0000000619c00000, 0x000000061a000000|  0%| F|  |TAMS 0x0000000619c00000, 0x0000000619c00000| Untracked 
|  96|0x000000061a000000, 0x000000061a000000, 0x000000061a400000|  0%| F|  |TAMS 0x000000061a000000, 0x000000061a000000| Untracked 
|  97|0x000000061a400000, 0x000000061a400000, 0x000000061a800000|  0%| F|  |TAMS 0x000000061a400000, 0x000000061a400000| Untracked 
|  98|0x000000061a800000, 0x000000061a800000, 0x000000061ac00000|  0%| F|  |TAMS 0x000000061a800000, 0x000000061a800000| Untracked 
|  99|0x000000061ac00000, 0x000000061ac00000, 0x000000061b000000|  0%| F|  |TAMS 0x000000061ac00000, 0x000000061ac00000| Untracked 
| 126|0x0000000621800000, 0x0000000621800000, 0x0000000621c00000|  0%| F|  |TAMS 0x0000000621800000, 0x0000000621800000| Untracked 
| 127|0x0000000621c00000, 0x0000000621c00000, 0x0000000622000000|  0%| F|  |TAMS 0x0000000621c00000, 0x0000000621c00000| Untracked 

Card table byte_map: [0x0000027b6db70000,0x0000027b6eb60000] _byte_map_base: 0x0000027b6ab60000

Marking Bits (Prev, Next): (CMBitMap*) 0x0000027b558ec970, (CMBitMap*) 0x0000027b558ec930
 Prev Bits: [0x0000027b77ad0000, 0x0000027b7fa50000)
 Next Bits: [0x0000027b6fb50000, 0x0000027b77ad0000)

Polling page: 0x0000027b55000000

Metaspace:

Usage:
  Non-class:     58.00 MB used.
      Class:      7.43 MB used.
       Both:     65.43 MB used.

Virtual space:
  Non-class space:       64.00 MB reserved,      58.44 MB ( 91%) committed,  8 nodes.
      Class space:        1.00 GB reserved,       7.88 MB ( <1%) committed,  1 nodes.
             Both:        1.06 GB reserved,      66.31 MB (  6%) committed. 

Chunk freelists:
   Non-Class:  846.00 KB
       Class:  160.00 KB
        Both:  1006.00 KB

MaxMetaspaceSize: unlimited
CompressedClassSpaceSize: 1.00 GB
Initial GC threshold: 21.00 MB
Current GC threshold: 101.50 MB
CDS: off
MetaspaceReclaimPolicy: balanced
 - commit_granule_bytes: 65536.
 - commit_granule_words: 8192.
 - virtual_space_node_default_size: 1048576.
 - enlarge_chunks_in_place: 1.
 - new_chunks_are_fully_committed: 0.
 - uncommit_free_chunks: 1.
 - use_allocation_guard: 0.
 - handle_deallocations: 1.


Internal statistics:

num_allocs_failed_limit: 9.
num_arena_births: 766.
num_arena_deaths: 0.
num_vsnodes_births: 9.
num_vsnodes_deaths: 0.
num_space_committed: 1061.
num_space_uncommitted: 0.
num_chunks_returned_to_freelist: 9.
num_chunks_taken_from_freelist: 2383.
num_chunk_merges: 6.
num_chunk_splits: 1597.
num_chunks_enlarged: 1048.
num_purges: 2.
num_inconsistent_stats: 0.

CodeHeap 'non-profiled nmethods': size=120000Kb used=3792Kb max_used=3792Kb free=116207Kb
 bounds [0x0000027b65540000, 0x0000027b65900000, 0x0000027b6ca70000]
CodeHeap 'profiled nmethods': size=120000Kb used=13569Kb max_used=13569Kb free=106430Kb
 bounds [0x0000027b5da70000, 0x0000027b5e7c0000, 0x0000027b64fa0000]
CodeHeap 'non-nmethods': size=5760Kb used=1510Kb max_used=1614Kb free=4249Kb
 bounds [0x0000027b64fa0000, 0x0000027b65210000, 0x0000027b65540000]
 total_blobs=7250 nmethods=6381 adapters=778
 compilation: enabled
              stopped_count=0, restarted_count=0
 full_count=0

Compilation events (20 events):
Event: 7.654 Thread 0x0000027b024332f0 nmethod 7356 0x0000027b658f2c10 code [0x0000027b658f2da0, 0x0000027b658f2e78]
Event: 7.654 Thread 0x0000027b024332f0 7357       1       com.st.microxplorer.mcu.RefMode::getParametersPossibleValues (5 bytes)
Event: 7.654 Thread 0x0000027b024332f0 nmethod 7357 0x0000027b658f2f10 code [0x0000027b658f30a0, 0x0000027b658f3178]
Event: 7.654 Thread 0x0000027b024332f0 7340       1       com.st.microxplorer.mcu.RefParameter::getPossibleValues (5 bytes)
Event: 7.654 Thread 0x0000027b024332f0 nmethod 7340 0x0000027b658f3210 code [0x0000027b658f33a0, 0x0000027b658f3478]
Event: 7.654 Thread 0x0000027b024332f0 7341       1       com.st.microxplorer.mcu.RefParameter::getSemaphores (5 bytes)
Event: 7.654 Thread 0x0000027b024332f0 nmethod 7341 0x0000027b658f3510 code [0x0000027b658f36a0, 0x0000027b658f3778]
Event: 7.654 Thread 0x0000027b024332f0 7363       2       com.st.microxplorer.mcu.Mcu::getIP (59 bytes)
Event: 7.654 Thread 0x0000027b024332f0 nmethod 7363 0x0000027b5e7afb10 code [0x0000027b5e7afd20, 0x0000027b5e7b0138]
Event: 7.654 Thread 0x0000027b024332f0 7348       2       sun.font.FileFontStrike::getCachedGlyphPtrInternal (120 bytes)
Event: 7.654 Thread 0x0000027b024332f0 nmethod 7348 0x0000027b5e7b0410 code [0x0000027b5e7b0600, 0x0000027b5e7b09f8]
Event: 7.654 Thread 0x0000027b024332f0 7360       1       java.awt.geom.AffineTransform::getScaleX (5 bytes)
Event: 7.654 Thread 0x0000027b024332f0 nmethod 7360 0x0000027b658f3810 code [0x0000027b658f39a0, 0x0000027b658f3a78]
Event: 7.654 Thread 0x0000027b024332f0 7361       1       java.awt.geom.AffineTransform::getScaleY (5 bytes)
Event: 7.654 Thread 0x0000027b024332f0 nmethod 7361 0x0000027b658f3b10 code [0x0000027b658f3ca0, 0x0000027b658f3d78]
Event: 7.654 Thread 0x0000027b024332f0 7358       1       javax.swing.JProgressBar::getModel (5 bytes)
Event: 7.654 Thread 0x0000027b024332f0 nmethod 7358 0x0000027b658f3e10 code [0x0000027b658f3fa0, 0x0000027b658f4078]
Event: 7.655 Thread 0x0000027b024332f0 7364       3       java.lang.String::matches (6 bytes)
Event: 7.655 Thread 0x0000027b024332f0 nmethod 7364 0x0000027b5e7b0c90 code [0x0000027b5e7b0e60, 0x0000027b5e7b11c8]
Event: 7.655 Thread 0x0000027b024332f0 7365       2       com.st.microxplorer.util.LogicalParser::getVariables (176 bytes)

GC Heap History (20 events):
Event: 4.016 GC heap after
{Heap after GC invocations=20 (full 0):
 garbage-first heap   total 323584K, used 60433K [0x0000000602000000, 0x0000000800000000)
  region size 4096K, 1 young (4096K), 1 survivors (4096K)
 Metaspace       used 61594K, committed 62464K, reserved 1105920K
  class space    used 7108K, committed 7552K, reserved 1048576K
}
Event: 5.814 GC heap before
{Heap before GC invocations=20 (full 0):
 garbage-first heap   total 323584K, used 265233K [0x0000000602000000, 0x0000000800000000)
  region size 4096K, 47 young (192512K), 1 survivors (4096K)
 Metaspace       used 63390K, committed 64320K, reserved 1105920K
  class space    used 7261K, committed 7744K, reserved 1048576K
}
Event: 5.817 GC heap after
{Heap after GC invocations=21 (full 0):
 garbage-first heap   total 323584K, used 81583K [0x0000000602000000, 0x0000000800000000)
  region size 4096K, 2 young (8192K), 2 survivors (8192K)
 Metaspace       used 63390K, committed 64320K, reserved 1105920K
  class space    used 7261K, committed 7744K, reserved 1048576K
}
Event: 6.154 GC heap before
{Heap before GC invocations=21 (full 0):
 garbage-first heap   total 323584K, used 261807K [0x0000000602000000, 0x0000000800000000)
  region size 4096K, 46 young (188416K), 2 survivors (8192K)
 Metaspace       used 63493K, committed 64448K, reserved 1105920K
  class space    used 7264K, committed 7744K, reserved 1048576K
}
Event: 6.158 GC heap after
{Heap after GC invocations=22 (full 0):
 garbage-first heap   total 323584K, used 85930K [0x0000000602000000, 0x0000000800000000)
  region size 4096K, 3 young (12288K), 3 survivors (12288K)
 Metaspace       used 63493K, committed 64448K, reserved 1105920K
  class space    used 7264K, committed 7744K, reserved 1048576K
}
Event: 6.434 GC heap before
{Heap before GC invocations=22 (full 0):
 garbage-first heap   total 323584K, used 266154K [0x0000000602000000, 0x0000000800000000)
  region size 4096K, 47 young (192512K), 3 survivors (12288K)
 Metaspace       used 63512K, committed 64448K, reserved 1105920K
  class space    used 7265K, committed 7744K, reserved 1048576K
}
Event: 6.444 GC heap after
{Heap after GC invocations=23 (full 0):
 garbage-first heap   total 323584K, used 101161K [0x0000000602000000, 0x0000000800000000)
  region size 4096K, 6 young (24576K), 6 survivors (24576K)
 Metaspace       used 63512K, committed 64448K, reserved 1105920K
  class space    used 7265K, committed 7744K, reserved 1048576K
}
Event: 6.656 GC heap before
{Heap before GC invocations=23 (full 0):
 garbage-first heap   total 323584K, used 260905K [0x0000000602000000, 0x0000000800000000)
  region size 4096K, 45 young (184320K), 6 survivors (24576K)
 Metaspace       used 63549K, committed 64448K, reserved 1105920K
  class space    used 7265K, committed 7744K, reserved 1048576K
}
Event: 6.663 GC heap after
{Heap after GC invocations=24 (full 0):
 garbage-first heap   total 323584K, used 94357K [0x0000000602000000, 0x0000000800000000)
  region size 4096K, 2 young (8192K), 2 survivors (8192K)
 Metaspace       used 63549K, committed 64448K, reserved 1105920K
  class space    used 7265K, committed 7744K, reserved 1048576K
}
Event: 7.034 GC heap before
{Heap before GC invocations=24 (full 0):
 garbage-first heap   total 323584K, used 266389K [0x0000000602000000, 0x0000000800000000)
  region size 4096K, 42 young (172032K), 2 survivors (8192K)
 Metaspace       used 66455K, committed 67328K, reserved 1114112K
  class space    used 7567K, committed 8000K, reserved 1048576K
}
Event: 7.037 GC heap after
{Heap after GC invocations=25 (full 0):
 garbage-first heap   total 417792K, used 103532K [0x0000000602000000, 0x0000000800000000)
  region size 4096K, 2 young (8192K), 2 survivors (8192K)
 Metaspace       used 66455K, committed 67328K, reserved 1114112K
  class space    used 7567K, committed 8000K, reserved 1048576K
}
Event: 7.154 GC heap before
{Heap before GC invocations=25 (full 0):
 garbage-first heap   total 417792K, used 341100K [0x0000000602000000, 0x0000000800000000)
  region size 4096K, 60 young (245760K), 2 survivors (8192K)
 Metaspace       used 66611K, committed 67520K, reserved 1114112K
  class space    used 7567K, committed 8000K, reserved 1048576K
}
Event: 7.157 GC heap after
{Heap after GC invocations=26 (full 0):
 garbage-first heap   total 417792K, used 104653K [0x0000000602000000, 0x0000000800000000)
  region size 4096K, 2 young (8192K), 2 survivors (8192K)
 Metaspace       used 66611K, committed 67520K, reserved 1114112K
  class space    used 7567K, committed 8000K, reserved 1048576K
}
Event: 7.284 GC heap before
{Heap before GC invocations=26 (full 0):
 garbage-first heap   total 417792K, used 346317K [0x0000000602000000, 0x0000000800000000)
  region size 4096K, 61 young (249856K), 2 survivors (8192K)
 Metaspace       used 66636K, committed 67520K, reserved 1114112K
  class space    used 7567K, committed 8000K, reserved 1048576K
}
Event: 7.287 GC heap after
{Heap after GC invocations=27 (full 0):
 garbage-first heap   total 417792K, used 106093K [0x0000000602000000, 0x0000000800000000)
  region size 4096K, 3 young (12288K), 3 survivors (12288K)
 Metaspace       used 66636K, committed 67520K, reserved 1114112K
  class space    used 7567K, committed 8000K, reserved 1048576K
}
Event: 7.389 GC heap before
{Heap before GC invocations=27 (full 0):
 garbage-first heap   total 417792K, used 343661K [0x0000000602000000, 0x0000000800000000)
  region size 4096K, 61 young (249856K), 3 survivors (12288K)
 Metaspace       used 66642K, committed 67520K, reserved 1114112K
  class space    used 7567K, committed 8000K, reserved 1048576K
}
Event: 7.393 GC heap after
{Heap after GC invocations=28 (full 0):
 garbage-first heap   total 417792K, used 106586K [0x0000000602000000, 0x0000000800000000)
  region size 4096K, 3 young (12288K), 3 survivors (12288K)
 Metaspace       used 66642K, committed 67520K, reserved 1114112K
  class space    used 7567K, committed 8000K, reserved 1048576K
}
Event: 7.506 GC heap before
{Heap before GC invocations=28 (full 0):
 garbage-first heap   total 417792K, used 344154K [0x0000000602000000, 0x0000000800000000)
  region size 4096K, 61 young (249856K), 3 survivors (12288K)
 Metaspace       used 66658K, committed 67520K, reserved 1114112K
  class space    used 7567K, committed 8000K, reserved 1048576K
}
Event: 7.510 GC heap after
{Heap after GC invocations=29 (full 0):
 garbage-first heap   total 417792K, used 108355K [0x0000000602000000, 0x0000000800000000)
  region size 4096K, 3 young (12288K), 3 survivors (12288K)
 Metaspace       used 66658K, committed 67520K, reserved 1114112K
  class space    used 7567K, committed 8000K, reserved 1048576K
}
Event: 7.655 GC heap before
{Heap before GC invocations=29 (full 0):
 garbage-first heap   total 417792K, used 345923K [0x0000000602000000, 0x0000000800000000)
  region size 4096K, 61 young (249856K), 3 survivors (12288K)
 Metaspace       used 67000K, committed 67904K, reserved 1114112K
  class space    used 7608K, committed 8064K, reserved 1048576K
}

Dll operation events (15 events):
Event: 0.013 Loaded shared library C:\Program Files (x86)\STMicroelectronics\STM32Cube\STM32CubeMX\jre\bin\java.dll
Event: 0.030 Loaded shared library C:\Program Files (x86)\STMicroelectronics\STM32Cube\STM32CubeMX\jre\bin\jsvml.dll
Event: 0.086 Loaded shared library C:\Program Files (x86)\STMicroelectronics\STM32Cube\STM32CubeMX\jre\bin\net.dll
Event: 0.088 Loaded shared library C:\Program Files (x86)\STMicroelectronics\STM32Cube\STM32CubeMX\jre\bin\nio.dll
Event: 0.110 Loaded shared library C:\Program Files (x86)\STMicroelectronics\STM32Cube\STM32CubeMX\jre\bin\zip.dll
Event: 0.140 Loaded shared library C:\Program Files (x86)\STMicroelectronics\STM32Cube\STM32CubeMX\jre\bin\jimage.dll
Event: 0.297 Loaded shared library C:\Program Files (x86)\STMicroelectronics\STM32Cube\STM32CubeMX\jre\bin\management.dll
Event: 0.302 Loaded shared library C:\Program Files (x86)\STMicroelectronics\STM32Cube\STM32CubeMX\jre\bin\management_ext.dll
Event: 0.639 Loaded shared library C:\Program Files (x86)\STMicroelectronics\STM32Cube\STM32CubeMX\jre\bin\awt.dll
Event: 0.944 Loaded shared library C:\Program Files (x86)\STMicroelectronics\STM32Cube\STM32CubeMX\jre\bin\freetype.dll
Event: 0.945 Loaded shared library C:\Program Files (x86)\STMicroelectronics\STM32Cube\STM32CubeMX\jre\bin\fontmanager.dll
Event: 1.114 Loaded shared library C:\Program Files (x86)\STMicroelectronics\STM32Cube\STM32CubeMX\jre\bin\verify.dll
Event: 1.199 Loaded shared library C:\Program Files (x86)\STMicroelectronics\STM32Cube\STM32CubeMX\jre\bin\prefs.dll
Event: 3.183 Loaded shared library C:\Program Files (x86)\STMicroelectronics\STM32Cube\STM32CubeMX\jre\bin\sunmscapi.dll
Event: 3.702 Loaded shared library C:\Program Files (x86)\STMicroelectronics\STM32Cube\STM32CubeMX\jre\bin\javajpeg.dll

Deoptimization events (20 events):
Event: 7.631 Thread 0x0000027b09e9fb20 Uncommon trap: trap_request=0xffffffde fr.pc=0x0000027b655fdc34 relative=0x00000000000005b4
Event: 7.631 Thread 0x0000027b09e9fb20 Uncommon trap: reason=class_check action=maybe_recompile pc=0x0000027b655fdc34 method=java.util.regex.Pattern$StartS.match(Ljava/util/regex/Matcher;ILjava/lang/CharSequence;)Z @ 44 c2
Event: 7.631 Thread 0x0000027b09e9fb20 DEOPT PACKING pc=0x0000027b655fdc34 sp=0x000000adf37fea60
Event: 7.631 Thread 0x0000027b09e9fb20 DEOPT UNPACKING pc=0x0000027b64ff69a3 sp=0x000000adf37fea10 mode 2
Event: 7.631 Thread 0x0000027b09e9fb20 Uncommon trap: trap_request=0xffffffde fr.pc=0x0000027b655fdc34 relative=0x00000000000005b4
Event: 7.631 Thread 0x0000027b09e9fb20 Uncommon trap: reason=class_check action=maybe_recompile pc=0x0000027b655fdc34 method=java.util.regex.Pattern$StartS.match(Ljava/util/regex/Matcher;ILjava/lang/CharSequence;)Z @ 44 c2
Event: 7.631 Thread 0x0000027b09e9fb20 DEOPT PACKING pc=0x0000027b655fdc34 sp=0x000000adf37fea60
Event: 7.631 Thread 0x0000027b09e9fb20 DEOPT UNPACKING pc=0x0000027b64ff69a3 sp=0x000000adf37fea10 mode 2
Event: 7.634 Thread 0x0000027b09e9fb20 Uncommon trap: trap_request=0xffffff45 fr.pc=0x0000027b657838d8 relative=0x0000000000000818
Event: 7.634 Thread 0x0000027b09e9fb20 Uncommon trap: reason=unstable_if action=reinterpret pc=0x0000027b657838d8 method=java.util.regex.Pattern.atom()Ljava/util/regex/Pattern$Node; @ 14 c2
Event: 7.634 Thread 0x0000027b09e9fb20 DEOPT PACKING pc=0x0000027b657838d8 sp=0x000000adf37fec40
Event: 7.634 Thread 0x0000027b09e9fb20 DEOPT UNPACKING pc=0x0000027b64ff69a3 sp=0x000000adf37fec08 mode 2
Event: 7.634 Thread 0x0000027b09e9fb20 Uncommon trap: trap_request=0xffffff45 fr.pc=0x0000027b658ca13c relative=0x0000000000002d9c
Event: 7.634 Thread 0x0000027b09e9fb20 Uncommon trap: reason=unstable_if action=reinterpret pc=0x0000027b658ca13c method=com.st.microxplorer.mcu.IP.getParameter(Ljava/lang/String;Ljava/lang/String;)Lcom/st/microxplorer/mcu/RefParameter; @ 3 c2
Event: 7.634 Thread 0x0000027b09e9fb20 DEOPT PACKING pc=0x0000027b658ca13c sp=0x000000adf37feb40
Event: 7.634 Thread 0x0000027b09e9fb20 DEOPT UNPACKING pc=0x0000027b64ff69a3 sp=0x000000adf37feb38 mode 2
Event: 7.652 Thread 0x0000027b09e9fb20 Uncommon trap: trap_request=0xffffff45 fr.pc=0x0000027b658efa28 relative=0x0000000000000428
Event: 7.652 Thread 0x0000027b09e9fb20 Uncommon trap: reason=unstable_if action=reinterpret pc=0x0000027b658efa28 method=java.util.regex.Pattern$CharPropertyGreedy.match(Ljava/util/regex/Matcher;ILjava/lang/CharSequence;)Z @ 69 c2
Event: 7.652 Thread 0x0000027b09e9fb20 DEOPT PACKING pc=0x0000027b658efa28 sp=0x000000adf37feb80
Event: 7.652 Thread 0x0000027b09e9fb20 DEOPT UNPACKING pc=0x0000027b64ff69a3 sp=0x000000adf37feb38 mode 2

Classes unloaded (0 events):
No events

Classes redefined (0 events):
No events

Internal exceptions (20 events):
Event: 7.582 Thread 0x0000027b09e9fb20 Exception <a 'java/lang/NullPointerException'{0x00000006104ef5a0}> (0x00000006104ef5a0) 
thrown [s\src\hotspot\share\runtime\sharedRuntime.cpp, line 628]
Event: 7.582 Thread 0x0000027b09e9fb20 Implicit null exception at 0x0000027b5da9f340 to 0x0000027b5da9fee8
Event: 7.582 Thread 0x0000027b09e9fb20 Exception <a 'java/lang/NullPointerException'{0x00000006104f05a8}> (0x00000006104f05a8) 
thrown [s\src\hotspot\share\runtime\sharedRuntime.cpp, line 628]
Event: 7.582 Thread 0x0000027b09e9fb20 Implicit null exception at 0x0000027b5da9f340 to 0x0000027b5da9fee8
Event: 7.582 Thread 0x0000027b09e9fb20 Exception <a 'java/lang/NullPointerException'{0x00000006104f08a0}> (0x00000006104f08a0) 
thrown [s\src\hotspot\share\runtime\sharedRuntime.cpp, line 628]
Event: 7.582 Thread 0x0000027b09e9fb20 Implicit null exception at 0x0000027b5da9f340 to 0x0000027b5da9fee8
Event: 7.582 Thread 0x0000027b09e9fb20 Exception <a 'java/lang/NullPointerException'{0x00000006104f18a8}> (0x00000006104f18a8) 
thrown [s\src\hotspot\share\runtime\sharedRuntime.cpp, line 628]
Event: 7.582 Thread 0x0000027b09e9fb20 Implicit null exception at 0x0000027b5da9f340 to 0x0000027b5da9fee8
Event: 7.582 Thread 0x0000027b09e9fb20 Exception <a 'java/lang/NullPointerException'{0x00000006104f1ba0}> (0x00000006104f1ba0) 
thrown [s\src\hotspot\share\runtime\sharedRuntime.cpp, line 628]
Event: 7.583 Thread 0x0000027b09e9fb20 Implicit null exception at 0x0000027b5da9f340 to 0x0000027b5da9fee8
Event: 7.583 Thread 0x0000027b09e9fb20 Exception <a 'java/lang/NullPointerException'{0x00000006104f2a20}> (0x00000006104f2a20) 
thrown [s\src\hotspot\share\runtime\sharedRuntime.cpp, line 628]
Event: 7.583 Thread 0x0000027b09e9fb20 Implicit null exception at 0x0000027b5da9f340 to 0x0000027b5da9fee8
Event: 7.583 Thread 0x0000027b09e9fb20 Exception <a 'java/lang/NullPointerException'{0x00000006104f2d18}> (0x00000006104f2d18) 
thrown [s\src\hotspot\share\runtime\sharedRuntime.cpp, line 628]
Event: 7.584 Thread 0x0000027b09e9fb20 Implicit null exception at 0x0000027b5da9f340 to 0x0000027b5da9fee8
Event: 7.584 Thread 0x0000027b09e9fb20 Exception <a 'java/lang/NullPointerException'{0x00000006104f3bf8}> (0x00000006104f3bf8) 
thrown [s\src\hotspot\share\runtime\sharedRuntime.cpp, line 628]
Event: 7.584 Thread 0x0000027b09e9fb20 Implicit null exception at 0x0000027b5da9f340 to 0x0000027b5da9fee8
Event: 7.584 Thread 0x0000027b09e9fb20 Exception <a 'java/lang/NullPointerException'{0x00000006104f3ef0}> (0x00000006104f3ef0) 
thrown [s\src\hotspot\share\runtime\sharedRuntime.cpp, line 628]
Event: 7.615 Thread 0x0000027b09e9fb20 Exception <a 'java/io/IOException'{0x000000060d957a70}> (0x000000060d957a70) 
thrown [s\src\hotspot\share\prims\jni.cpp, line 516]
Event: 7.615 Thread 0x0000027b09e9fb20 Exception <a 'java/io/IOException'{0x000000060d958090}> (0x000000060d958090) 
thrown [s\src\hotspot\share\prims\jni.cpp, line 516]
Event: 7.634 Thread 0x0000027b09e9fb20 Implicit null exception at 0x0000027b658c73d7 to 0x0000027b658ca120

VM Operations (20 events):
Event: 6.869 Executing VM operation: HandshakeAllThreads done
Event: 7.034 Executing VM operation: G1CollectForAllocation
Event: 7.037 Executing VM operation: G1CollectForAllocation done
Event: 7.154 Executing VM operation: G1CollectForAllocation
Event: 7.157 Executing VM operation: G1CollectForAllocation done
Event: 7.251 Executing VM operation: HandshakeAllThreads
Event: 7.251 Executing VM operation: HandshakeAllThreads done
Event: 7.258 Executing VM operation: ICBufferFull
Event: 7.258 Executing VM operation: ICBufferFull done
Event: 7.284 Executing VM operation: G1CollectForAllocation
Event: 7.287 Executing VM operation: G1CollectForAllocation done
Event: 7.389 Executing VM operation: G1CollectForAllocation
Event: 7.393 Executing VM operation: G1CollectForAllocation done
Event: 7.506 Executing VM operation: G1CollectForAllocation
Event: 7.510 Executing VM operation: G1CollectForAllocation done
Event: 7.622 Executing VM operation: HandshakeAllThreads
Event: 7.622 Executing VM operation: HandshakeAllThreads done
Event: 7.624 Executing VM operation: HandshakeAllThreads
Event: 7.624 Executing VM operation: HandshakeAllThreads done
Event: 7.655 Executing VM operation: G1CollectForAllocation

Events (20 events):
Event: 7.594 Thread 0x0000027b0c21aef0 Thread added: 0x0000027b0c21aef0
Event: 7.594 Thread 0x0000027b0c21aef0 Thread exited: 0x0000027b0c21aef0
Event: 7.594 Thread 0x0000027b0c21b3c0 Thread added: 0x0000027b0c21b3c0
Event: 7.594 Thread 0x0000027b0c21b3c0 Thread exited: 0x0000027b0c21b3c0
Event: 7.594 Thread 0x0000027b0b134640 Thread added: 0x0000027b0b134640
Event: 7.594 Thread 0x0000027b0b134640 Thread exited: 0x0000027b0b134640
Event: 7.595 Thread 0x0000027b0b134b10 Thread added: 0x0000027b0b134b10
Event: 7.595 Thread 0x0000027b0b134b10 Thread exited: 0x0000027b0b134b10
Event: 7.595 Thread 0x0000027b0c21d8a0 Thread added: 0x0000027b0c21d8a0
Event: 7.595 Thread 0x0000027b0c21aef0 Thread added: 0x0000027b0c21aef0
Event: 7.595 Thread 0x0000027b0c21d8a0 Thread exited: 0x0000027b0c21d8a0
Event: 7.595 Thread 0x0000027b0c21aef0 Thread exited: 0x0000027b0c21aef0
Event: 7.601 Thread 0x0000027b0c21c230 Thread added: 0x0000027b0c21c230
Event: 7.601 Thread 0x0000027b0c21c230 Thread exited: 0x0000027b0c21c230
Event: 7.601 Thread 0x0000027b0c21b3c0 Thread added: 0x0000027b0c21b3c0
Event: 7.602 Thread 0x0000027b0c21b3c0 Thread exited: 0x0000027b0c21b3c0
Event: 7.632 loading class java/util/regex/Pattern$Bound
Event: 7.633 loading class java/util/regex/Pattern$Bound done
Event: 7.633 loading class java/util/regex/Pattern$Neg
Event: 7.633 loading class java/util/regex/Pattern$Neg done


Dynamic libraries:
0x00007ff6a52c0000 - 0x00007ff6a52ce000 	C:\Program Files (x86)\STMicroelectronics\STM32Cube\STM32CubeMX\jre\bin\javaw.exe
0x00007fff96690000 - 0x00007fff968a4000 	C:\WINDOWS\SYSTEM32\ntdll.dll
0x00007fff957f0000 - 0x00007fff958b2000 	C:\WINDOWS\System32\KERNEL32.DLL
0x00007fff93f20000 - 0x00007fff942c3000 	C:\WINDOWS\System32\KERNELBASE.dll
0x00007fff93e00000 - 0x00007fff93f11000 	C:\WINDOWS\System32\ucrtbase.dll
0x00007fff7f350000 - 0x00007fff7f367000 	C:\Program Files (x86)\STMicroelectronics\STM32Cube\STM32CubeMX\jre\bin\jli.dll
0x00007fff948c0000 - 0x00007fff94a6b000 	C:\WINDOWS\System32\USER32.dll
0x00007fff942d0000 - 0x00007fff942f6000 	C:\WINDOWS\System32\win32u.dll
0x00007fff959d0000 - 0x00007fff959f9000 	C:\WINDOWS\System32\GDI32.dll
0x00007fff93ce0000 - 0x00007fff93df8000 	C:\WINDOWS\System32\gdi32full.dll
0x00007fff943f0000 - 0x00007fff9448a000 	C:\WINDOWS\System32\msvcp_win.dll
0x00007fff7ecd0000 - 0x00007fff7ece9000 	C:\Program Files (x86)\STMicroelectronics\STM32Cube\STM32CubeMX\jre\bin\VCRUNTIME140.dll
0x00007fff7a9a0000 - 0x00007fff7ac2e000 	C:\WINDOWS\WinSxS\amd64_microsoft.windows.common-controls_6595b64144ccf1df_6.0.22621.1635_none_270f70857386168e\COMCTL32.dll
0x00007fff95680000 - 0x00007fff95727000 	C:\WINDOWS\System32\msvcrt.dll
0x00007fff95c40000 - 0x00007fff95c71000 	C:\WINDOWS\System32\IMM32.DLL
0x00007fff83be0000 - 0x00007fff83bec000 	C:\Program Files (x86)\STMicroelectronics\STM32Cube\STM32CubeMX\jre\bin\vcruntime140_1.dll
0x00007fff51670000 - 0x00007fff51701000 	C:\Program Files (x86)\STMicroelectronics\STM32Cube\STM32CubeMX\jre\bin\msvcp140.dll
0x00007fff22600000 - 0x00007fff23247000 	C:\Program Files (x86)\STMicroelectronics\STM32Cube\STM32CubeMX\jre\bin\server\jvm.dll
0x00007fff95b10000 - 0x00007fff95bbe000 	C:\WINDOWS\System32\ADVAPI32.dll
0x00007fff94640000 - 0x00007fff946e4000 	C:\WINDOWS\System32\sechost.dll
0x00007fff94a70000 - 0x00007fff94b87000 	C:\WINDOWS\System32\RPCRT4.dll
0x00007fff74a00000 - 0x00007fff74a09000 	C:\WINDOWS\SYSTEM32\WSOCK32.dll
0x00007fff68250000 - 0x00007fff68284000 	C:\WINDOWS\SYSTEM32\WINMM.dll
0x00007fff849c0000 - 0x00007fff849ca000 	C:\WINDOWS\SYSTEM32\VERSION.dll
0x00007fff95d60000 - 0x00007fff95dd1000 	C:\WINDOWS\System32\WS2_32.dll
0x00007fff92ac0000 - 0x00007fff92ad8000 	C:\WINDOWS\SYSTEM32\kernel.appcore.dll
0x00007fff838e0000 - 0x00007fff838ea000 	C:\Program Files (x86)\STMicroelectronics\STM32Cube\STM32CubeMX\jre\bin\jimage.dll
0x00007fff7d310000 - 0x00007fff7d53e000 	C:\WINDOWS\SYSTEM32\DBGHELP.DLL
0x00007fff962c0000 - 0x00007fff96649000 	C:\WINDOWS\System32\combase.dll
0x00007fff95c80000 - 0x00007fff95d57000 	C:\WINDOWS\System32\OLEAUT32.dll
0x00007fff841d0000 - 0x00007fff84202000 	C:\WINDOWS\SYSTEM32\dbgcore.DLL
0x00007fff94300000 - 0x00007fff9437b000 	C:\WINDOWS\System32\bcryptPrimitives.dll
0x00007fff74b80000 - 0x00007fff74ba5000 	C:\Program Files (x86)\STMicroelectronics\STM32Cube\STM32CubeMX\jre\bin\java.dll
0x00007fff48110000 - 0x00007fff481e6000 	C:\Program Files (x86)\STMicroelectronics\STM32Cube\STM32CubeMX\jre\bin\jsvml.dll
0x00007fff94e80000 - 0x00007fff9567a000 	C:\WINDOWS\System32\SHELL32.dll
0x00007fff91a30000 - 0x00007fff922fe000 	C:\WINDOWS\SYSTEM32\windows.storage.dll
0x00007fff918f0000 - 0x00007fff91a2e000 	C:\WINDOWS\SYSTEM32\wintypes.dll
0x00007fff94d30000 - 0x00007fff94e21000 	C:\WINDOWS\System32\SHCORE.dll
0x00007fff95970000 - 0x00007fff959ce000 	C:\WINDOWS\System32\shlwapi.dll
0x00007fff939e0000 - 0x00007fff93a01000 	C:\WINDOWS\SYSTEM32\profapi.dll
0x00007fff7c310000 - 0x00007fff7c329000 	C:\Program Files (x86)\STMicroelectronics\STM32Cube\STM32CubeMX\jre\bin\net.dll
0x00007fff8b340000 - 0x00007fff8b477000 	C:\WINDOWS\SYSTEM32\WINHTTP.dll
0x00007fff92f20000 - 0x00007fff92f89000 	C:\WINDOWS\system32\mswsock.dll
0x00007fff74b60000 - 0x00007fff74b75000 	C:\Program Files (x86)\STMicroelectronics\STM32Cube\STM32CubeMX\jre\bin\nio.dll
0x00007fff71c90000 - 0x00007fff71ca8000 	C:\Program Files (x86)\STMicroelectronics\STM32Cube\STM32CubeMX\jre\bin\zip.dll
0x00007fff837f0000 - 0x00007fff837f9000 	C:\Program Files (x86)\STMicroelectronics\STM32Cube\STM32CubeMX\jre\bin\management.dll
0x00007fff83710000 - 0x00007fff8371b000 	C:\Program Files (x86)\STMicroelectronics\STM32Cube\STM32CubeMX\jre\bin\management_ext.dll
0x00007fff948b0000 - 0x00007fff948b8000 	C:\WINDOWS\System32\PSAPI.DLL
0x00007fff79db0000 - 0x00007fff79dc7000 	C:\WINDOWS\system32\napinsp.dll
0x00007fff79d90000 - 0x00007fff79dab000 	C:\WINDOWS\system32\pnrpnsp.dll
0x00007fff925d0000 - 0x00007fff926c3000 	C:\WINDOWS\SYSTEM32\DNSAPI.dll
0x00007fff92560000 - 0x00007fff9258d000 	C:\WINDOWS\SYSTEM32\IPHLPAPI.DLL
0x00007fff957e0000 - 0x00007fff957e9000 	C:\WINDOWS\System32\NSI.dll
0x00007fff77fe0000 - 0x00007fff77ff1000 	C:\WINDOWS\System32\winrnr.dll
0x00007fff77fc0000 - 0x00007fff77fd5000 	C:\WINDOWS\system32\wshbth.dll
0x00007fff77f90000 - 0x00007fff77fb1000 	C:\WINDOWS\system32\nlansp_c.dll
0x00007fff85c40000 - 0x00007fff85c4a000 	C:\Windows\System32\rasadhlp.dll
0x00007fff86bc0000 - 0x00007fff86c44000 	C:\WINDOWS\System32\fwpuclnt.dll
0x00007fff3c6d0000 - 0x00007fff3c85e000 	C:\Program Files (x86)\STMicroelectronics\STM32Cube\STM32CubeMX\jre\bin\awt.dll
0x00007fff90f80000 - 0x00007fff91017000 	C:\WINDOWS\SYSTEM32\apphelp.dll
0x00007fff93240000 - 0x00007fff9325b000 	C:\WINDOWS\SYSTEM32\CRYPTSP.dll
0x00007fff92a30000 - 0x00007fff92a65000 	C:\WINDOWS\system32\rsaenh.dll
0x00007fff92fc0000 - 0x00007fff92fe8000 	C:\WINDOWS\SYSTEM32\USERENV.dll
0x00007fff93370000 - 0x00007fff93398000 	C:\WINDOWS\SYSTEM32\bcrypt.dll
0x00007fff93220000 - 0x00007fff9322c000 	C:\WINDOWS\SYSTEM32\CRYPTBASE.dll
0x00007fff8bdb0000 - 0x00007fff8bdc9000 	C:\WINDOWS\SYSTEM32\dhcpcsvc6.DLL
0x00007fff8b320000 - 0x00007fff8b33f000 	C:\WINDOWS\SYSTEM32\dhcpcsvc.DLL
0x00007fff91060000 - 0x00007fff9110b000 	C:\WINDOWS\system32\uxtheme.dll
0x00007fff94490000 - 0x00007fff945ae000 	C:\WINDOWS\System32\MSCTF.dll
0x00007fff94b90000 - 0x00007fff94d2c000 	C:\WINDOWS\System32\ole32.dll
0x00007fff81350000 - 0x00007fff81377000 	H:\AYY\Dict\10.0.4.0\WordStrokeHelper64.dll
0x00007fff912a0000 - 0x00007fff912cb000 	C:\WINDOWS\system32\DWMAPI.DLL
0x00007fff624f0000 - 0x00007fff625f0000 	C:\WINDOWS\system32\opengl32.dll
0x00007fff81d30000 - 0x00007fff81d5d000 	C:\WINDOWS\SYSTEM32\GLU32.dll
0x00007fff91140000 - 0x00007fff91176000 	C:\WINDOWS\SYSTEM32\dxcore.dll
0x00007fff51780000 - 0x00007fff51806000 	C:\Program Files (x86)\STMicroelectronics\STM32Cube\STM32CubeMX\jre\bin\freetype.dll
0x00007fff515a0000 - 0x00007fff51665000 	C:\Program Files (x86)\STMicroelectronics\STM32Cube\STM32CubeMX\jre\bin\fontmanager.dll
0x00007fff832f0000 - 0x00007fff83300000 	C:\Program Files (x86)\STMicroelectronics\STM32Cube\STM32CubeMX\jre\bin\verify.dll
0x00007fff81e60000 - 0x00007fff81e69000 	C:\Program Files (x86)\STMicroelectronics\STM32Cube\STM32CubeMX\jre\bin\prefs.dll
0x00007fff81b80000 - 0x00007fff81b8e000 	C:\Program Files (x86)\STMicroelectronics\STM32Cube\STM32CubeMX\jre\bin\sunmscapi.dll
0x00007fff93b70000 - 0x00007fff93cd7000 	C:\WINDOWS\System32\CRYPT32.dll
0x00007fff93340000 - 0x00007fff9336e000 	C:\WINDOWS\SYSTEM32\ncrypt.dll
0x00007fff93300000 - 0x00007fff93337000 	C:\WINDOWS\SYSTEM32\NTASN1.dll
0x00007fff93660000 - 0x00007fff93672000 	C:\WINDOWS\SYSTEM32\MSASN1.dll
0x00007fff92f90000 - 0x00007fff92fb6000 	C:\WINDOWS\SYSTEM32\gpapi.dll
0x00007fff84fa0000 - 0x00007fff8500a000 	C:\WINDOWS\system32\ncryptprov.dll
0x00007fff51380000 - 0x00007fff513ad000 	C:\Program Files (x86)\STMicroelectronics\STM32Cube\STM32CubeMX\jre\bin\javajpeg.dll
0x00007fff958c0000 - 0x00007fff95970000 	C:\WINDOWS\System32\clbcatq.dll
0x00007fff8f4f0000 - 0x00007fff8f6a0000 	C:\WINDOWS\SYSTEM32\WindowsCodecs.dll
0x00007fff5dcf0000 - 0x00007fff5dd4e000 	C:\WINDOWS\system32\dataexchange.dll
0x00007fff8cfc0000 - 0x00007fff8d237000 	C:\WINDOWS\system32\twinapi.appcore.dll
0x00007fff800e0000 - 0x00007fff8020d000 	C:\WINDOWS\SYSTEM32\textinputframework.dll
0x00007fff90bb0000 - 0x00007fff90ce3000 	C:\WINDOWS\SYSTEM32\CoreMessaging.dll
0x00007fff8e3e0000 - 0x00007fff8e74c000 	C:\WINDOWS\SYSTEM32\CoreUIComponents.dll
0x00007fff45f10000 - 0x00007fff460fd000 	C:\WINDOWS\system32\sogoutsf.ime
0x00007fff4dee0000 - 0x00007fff4dee7000 	C:\WINDOWS\system32\MSIMG32.dll
0x00007fff45480000 - 0x00007fff45d14000 	C:\WINDOWS\system32\SogouPy.ime
0x00007fff5dd50000 - 0x00007fff5ddb9000 	C:\WINDOWS\SYSTEM32\OLEACC.dll
0x00007fff92ae0000 - 0x00007fff92b14000 	C:\WINDOWS\SYSTEM32\ntmarta.dll
0x0000000010000000 - 0x000000001011d000 	C:\Program Files (x86)\SogouInput\9.8.0.3746\Resource.dll
0x00007fff48d30000 - 0x00007fff48f9a000 	C:\Program Files (x86)\SogouInput\Components\PicFace\1.1.0.1879\PicFace64.dll
0x00007fff95a10000 - 0x00007fff95b07000 	C:\WINDOWS\System32\COMDLG32.dll
0x00007fff80460000 - 0x00007fff80510000 	C:\WINDOWS\SYSTEM32\TextShaping.dll

dbghelp: loaded successfully - version: 4.0.5 - missing functions: none
symbol engine: initialized successfully - sym options: 0x614 - pdb path: .;C:\Program Files (x86)\STMicroelectronics\STM32Cube\STM32CubeMX\jre\bin;C:\WINDOWS\SYSTEM32;C:\WINDOWS\WinSxS\amd64_microsoft.windows.common-controls_6595b64144ccf1df_6.0.22621.1635_none_270f70857386168e;C:\Program Files (x86)\STMicroelectronics\STM32Cube\STM32CubeMX\jre\bin\server;H:\AYY\Dict\10.0.4.0;C:\Program Files (x86)\SogouInput\9.8.0.3746;C:\Program Files (x86)\SogouInput\Components\PicFace\1.1.0.1879

VM Arguments:
jvm_args: -Djavax.net.ssl.trustStoreType=WINDOWS-ROOT 
java_command: com.st.microxplorer.maingui.STM32CubeMX S:\SYNC\_2HMNST\PJ\_39CatalyticCombustionGAS_Tool_30\SF\MCU\STM32\CCT30.ioc
java_class_path (initial): C:\Program Files (x86)\STMicroelectronics\STM32Cube\STM32CubeMX\STM32CubeMX.exe;anything
Launcher Type: SUN_STANDARD

[Global flags]
     intx CICompilerCount                          = 3                                         {product} {ergonomic}
     uint ConcGCThreads                            = 2                                         {product} {ergonomic}
     uint G1ConcRefinementThreads                  = 6                                         {product} {ergonomic}
   size_t G1HeapRegionSize                         = 4194304                                   {product} {ergonomic}
    uintx GCDrainStackTargetSize                   = 64                                        {product} {ergonomic}
   size_t InitialHeapSize                          = 536870912                                 {product} {ergonomic}
   size_t MarkStackSize                            = 4194304                                   {product} {ergonomic}
   size_t MaxHeapSize                              = 8556380160                                {product} {ergonomic}
   size_t MaxNewSize                               = 5133828096                                {product} {ergonomic}
   size_t MinHeapDeltaBytes                        = 4194304                                   {product} {ergonomic}
   size_t MinHeapSize                              = 8388608                                   {product} {ergonomic}
    uintx NonNMethodCodeHeapSize                   = 5832780                                {pd product} {ergonomic}
    uintx NonProfiledCodeHeapSize                  = 122912730                              {pd product} {ergonomic}
    uintx ProfiledCodeHeapSize                     = 122912730                              {pd product} {ergonomic}
    uintx ReservedCodeCacheSize                    = 251658240                              {pd product} {ergonomic}
     bool SegmentedCodeCache                       = true                                      {product} {ergonomic}
   size_t SoftMaxHeapSize                          = 8556380160                             {manageable} {ergonomic}
     bool UseCompressedClassPointers               = true                           {product lp64_product} {ergonomic}
     bool UseCompressedOops                        = true                           {product lp64_product} {ergonomic}
     bool UseG1GC                                  = true                                      {product} {ergonomic}
     bool UseLargePagesIndividualAllocation        = false                                  {pd product} {ergonomic}

Logging:
Log output configuration:
 #0: stdout all=warning uptime,level,tags
 #1: stderr all=off uptime,level,tags

Environment Variables:
JAVA_HOME=D:\ALLAPP~1\Service\Development\JavaSE\Java\jdk1.8.0_202;D:\ALLAPP~1\Service\Development\JavaSE\Java\jdk1.8.0_202\jre\bin;D:\ALLAPP~1\Service\Development\JavaSE\Java\jdk1.8.0_202\bin
PATH=C:\Program Files (x86)\STMicroelectronics\STM32Cube\STM32CubeMX\;H:\AYY\VMware Workstation\bin\;G:\AYY_CY\VM\bin\;G:\ProgramData\Anaconda3;G:\ProgramData\Anaconda3\Library\mingw-w64\bin;G:\ProgramData\Anaconda3\Library\usr\bin;G:\ProgramData\Anaconda3\Library\bin;G:\ProgramData\Anaconda3\Scripts;S:\ConfigurationHelp\IDEA\PyCharm\Conda\Anaconda;S:\ConfigurationHelp\IDEA\PyCharm\Conda\Anaconda\Library\mingw-w64\bin;S:\ConfigurationHelp\IDEA\PyCharm\Conda\Anaconda\Library\usr\bin;S:\ConfigurationHelp\IDEA\PyCharm\Conda\Anaconda\Library\bin;S:\ConfigurationHelp\IDEA\PyCharm\Conda\Anaconda\Scripts;D:\Software\xmanager\Xlpd 6\;D:\Software\xmanager\Xshell 6\;D:\Software\xmanager\Xmanager 6\;C:\Windows\system32;C:\Windows;C:\Windows\System32\Wbem;C:\Windows\System32\WindowsPowerShell\v1.0\;C:\Windows\System32\OpenSSH\;C:\Program Files\Microsoft SQL Server\130\Tools\Binn\;E:\Program Files\TortoiseSVN\bin;E:\Program Files\Git\cmd;G:\AYY_CY\Nodejs\;C:\ProgramData\chocolatey\bin;C:\Program Files (x86)\Windows Kits\10\Windows Performance Toolkit\;C:\Program Files (x86)\Windows Kits\10\Microsoft Application Virtualization\Sequencer\;C:\Program Files\python;C:\Program Files\python\Scripts;E:\AYY\BtSoft\panel\script;C:\Program Files\dotnet\;C:\Program Files\MySQL\MySQL Shell 8.0\bin\;E:\Users\admin\AppData\Local\Programs\Microsoft VS Code\bin;C:\Users\admin\AppData\Roaming\npm;C:\Users\admin\.dotnet\tools;E:\Users\admin\AppData\Local\Programs\Fiddler;Z:\SYNC\Rclone\rclone;C:\Users\admin\AppData\Local\Microsoft\WindowsApps;F:\AYY_CY\IDEA\IntelliJ IDEA 2021.2.1\bin;D:\AllApplications\Service\Development\SQL\MySQL80\bin;G:\AYY_CY\PyCharm\PyCharm 2022.1.2\bin;D:\AllApplications\Service\Development\JavaSE\Java\jdk1.8.0_202;D:\AllApplications\Service\Development\JavaSE\Java\jdk1.8.0_202\jre\bin;D:\AllApplications\Service\Development\JavaSE\Java\jdk1.8.0_202\bin;C:\Program Files\Microsoft SQL Server\150\Tools\Binn\;C:\Program Files (x86)\AOMEI\AOMEI Backupper\6.9.1;D:\ALLAPP~1\Service\D
USERNAME=admin
OS=Windows_NT
PROCESSOR_IDENTIFIER=Intel64 Family 6 Model 158 Stepping 10, GenuineIntel
TMP=C:\Users\admin\AppData\Local\Temp
TEMP=C:\Users\admin\AppData\Local\Temp



---------------  S Y S T E M  ---------------

OS:
 Windows 11 , 64 bit Build 22621 (10.0.22621.1635)
OS uptime: 43 days 2:50 hours
Hyper-V role detected

CPU: total 6 (initial active 6) (6 cores per cpu, 1 threads per core) family 6 model 158 stepping 10 microcode 0xde, cx8, cmov, fxsr, mmx, 3dnowpref, sse, sse2, sse3, ssse3, sse4.1, sse4.2, popcnt, lzcnt, tsc, tscinvbit, avx, avx2, aes, erms, clmul, bmi1, bmi2, rtm, adx, fma, vzeroupper, clflush, clflushopt, hv

Memory: 4k page, system-wide physical 32636M (10331M free)
TotalPageFile size 42876M (AvailPageFile size 30M)
current process WorkingSet (physical memory assigned to process): 557M, peak: 565M
current process commit charge ("private bytes"): 662M, peak: 757M

vm_info: OpenJDK 64-Bit Server VM (17.0.6+10) for windows-amd64 JRE (17.0.6+10), built on Jan 18 2023 10:08:59 by "temurin" with MS VC++ 16.7 (VS2019)

END.
